2021-05-11T18:36:10,877 Using pip 21.0.1 from /anaconda3/envs/demo_dash_env/lib/python3.9/site-packages/pip (python 3.9)
2021-05-11T18:36:10,881 Non-user install because site-packages writeable
2021-05-11T18:36:10,917 Created temporary directory: /private/var/folders/w4/z14px6ds5tzb4k51rd95l1s00000gn/T/pip-ephem-wheel-cache-ipd2m49m
2021-05-11T18:36:10,918 Created temporary directory: /private/var/folders/w4/z14px6ds5tzb4k51rd95l1s00000gn/T/pip-req-tracker-fvikcmnb
2021-05-11T18:36:10,918 Initialized build tracking at /private/var/folders/w4/z14px6ds5tzb4k51rd95l1s00000gn/T/pip-req-tracker-fvikcmnb
2021-05-11T18:36:10,918 Created build tracker: /private/var/folders/w4/z14px6ds5tzb4k51rd95l1s00000gn/T/pip-req-tracker-fvikcmnb
2021-05-11T18:36:10,918 Entered build tracker: /private/var/folders/w4/z14px6ds5tzb4k51rd95l1s00000gn/T/pip-req-tracker-fvikcmnb
2021-05-11T18:36:10,919 Created temporary directory: /private/var/folders/w4/z14px6ds5tzb4k51rd95l1s00000gn/T/pip-install-_5opa2tj
2021-05-11T18:36:11,006 Requirement already satisfied: appdirs==1.4.4 in /anaconda3/envs/demo_dash_env/lib/python3.9/site-packages (from -r requirements.txt (line 1)) (1.4.4)
2021-05-11T18:36:11,007 Requirement already satisfied: attrs==20.3.0 in /anaconda3/envs/demo_dash_env/lib/python3.9/site-packages (from -r requirements.txt (line 2)) (20.3.0)
2021-05-11T18:36:11,009 Requirement already satisfied: certifi==2020.12.5 in /anaconda3/envs/demo_dash_env/lib/python3.9/site-packages (from -r requirements.txt (line 3)) (2020.12.5)
2021-05-11T18:36:11,010 Requirement already satisfied: chardet==4.0.0 in /anaconda3/envs/demo_dash_env/lib/python3.9/site-packages (from -r requirements.txt (line 4)) (4.0.0)
2021-05-11T18:36:11,012 Requirement already satisfied: click==7.1.2 in /anaconda3/envs/demo_dash_env/lib/python3.9/site-packages (from -r requirements.txt (line 5)) (7.1.2)
2021-05-11T18:36:11,013 Requirement already satisfied: fastcore==1.3.19 in /anaconda3/envs/demo_dash_env/lib/python3.9/site-packages (from -r requirements.txt (line 6)) (1.3.19)
2021-05-11T18:36:11,016 Requirement already satisfied: idna==2.10 in /anaconda3/envs/demo_dash_env/lib/python3.9/site-packages (from -r requirements.txt (line 7)) (2.10)
2021-05-11T18:36:11,017 Requirement already satisfied: iniconfig==1.1.1 in /anaconda3/envs/demo_dash_env/lib/python3.9/site-packages (from -r requirements.txt (line 8)) (1.1.1)
2021-05-11T18:36:11,019 Requirement already satisfied: marshmallow==3.11.1 in /anaconda3/envs/demo_dash_env/lib/python3.9/site-packages (from -r requirements.txt (line 9)) (3.11.1)
2021-05-11T18:36:11,021 Requirement already satisfied: marshmallow-dataclass==8.4.1 in /anaconda3/envs/demo_dash_env/lib/python3.9/site-packages (from -r requirements.txt (line 10)) (8.4.1)
2021-05-11T18:36:11,023 Requirement already satisfied: matplotlib==3.4.1 in /anaconda3/envs/demo_dash_env/lib/python3.9/site-packages (from -r requirements.txt (line 11)) (3.4.1)
2021-05-11T18:36:11,025 Requirement already satisfied: mypy-extensions==0.4.3 in /anaconda3/envs/demo_dash_env/lib/python3.9/site-packages (from -r requirements.txt (line 12)) (0.4.3)
2021-05-11T18:36:11,026 Requirement already satisfied: numpy==1.20.1 in /anaconda3/envs/demo_dash_env/lib/python3.9/site-packages (from -r requirements.txt (line 13)) (1.20.1)
2021-05-11T18:36:11,027 Requirement already satisfied: packaging==20.9 in /anaconda3/envs/demo_dash_env/lib/python3.9/site-packages (from -r requirements.txt (line 14)) (20.9)
2021-05-11T18:36:11,029 Requirement already satisfied: pandas==1.2.2 in /anaconda3/envs/demo_dash_env/lib/python3.9/site-packages (from -r requirements.txt (line 15)) (1.2.2)
2021-05-11T18:36:11,031 Requirement already satisfied: pathspec==0.8.1 in /anaconda3/envs/demo_dash_env/lib/python3.9/site-packages (from -r requirements.txt (line 16)) (0.8.1)
2021-05-11T18:36:11,033 Requirement already satisfied: pillow==8.2.0 in /anaconda3/envs/demo_dash_env/lib/python3.9/site-packages (from -r requirements.txt (line 17)) (8.2.0)
2021-05-11T18:36:11,034 Requirement already satisfied: pluggy==0.13.1 in /anaconda3/envs/demo_dash_env/lib/python3.9/site-packages (from -r requirements.txt (line 18)) (0.13.1)
2021-05-11T18:36:11,036 Requirement already satisfied: py==1.10.0 in /anaconda3/envs/demo_dash_env/lib/python3.9/site-packages (from -r requirements.txt (line 19)) (1.10.0)
2021-05-11T18:36:11,038 Requirement already satisfied: pyparsing==2.4.7 in /anaconda3/envs/demo_dash_env/lib/python3.9/site-packages (from -r requirements.txt (line 20)) (2.4.7)
2021-05-11T18:36:11,039 Requirement already satisfied: python-dateutil==2.8.1 in /anaconda3/envs/demo_dash_env/lib/python3.9/site-packages (from -r requirements.txt (line 21)) (2.8.1)
2021-05-11T18:36:11,041 Requirement already satisfied: pytz==2021.1 in /anaconda3/envs/demo_dash_env/lib/python3.9/site-packages (from -r requirements.txt (line 22)) (2021.1)
2021-05-11T18:36:11,043 Requirement already satisfied: regex==2020.11.13 in /anaconda3/envs/demo_dash_env/lib/python3.9/site-packages (from -r requirements.txt (line 23)) (2020.11.13)
2021-05-11T18:36:11,044 Requirement already satisfied: requests==2.25.1 in /anaconda3/envs/demo_dash_env/lib/python3.9/site-packages (from -r requirements.txt (line 24)) (2.25.1)
2021-05-11T18:36:11,045 Requirement already satisfied: seaborn==0.11.1 in /anaconda3/envs/demo_dash_env/lib/python3.9/site-packages (from -r requirements.txt (line 25)) (0.11.1)
2021-05-11T18:36:11,046 Requirement already satisfied: six==1.15.0 in /anaconda3/envs/demo_dash_env/lib/python3.9/site-packages (from -r requirements.txt (line 26)) (1.15.0)
2021-05-11T18:36:11,047 Requirement already satisfied: streamlit==0.81.0 in /anaconda3/envs/demo_dash_env/lib/python3.9/site-packages (from -r requirements.txt (line 27)) (0.81.0)
2021-05-11T18:36:11,048 Requirement already satisfied: toml==0.10.2 in /anaconda3/envs/demo_dash_env/lib/python3.9/site-packages (from -r requirements.txt (line 28)) (0.10.2)
2021-05-11T18:36:11,049 Requirement already satisfied: typed-ast==1.4.2 in /anaconda3/envs/demo_dash_env/lib/python3.9/site-packages (from -r requirements.txt (line 29)) (1.4.2)
2021-05-11T18:36:11,050 Requirement already satisfied: typing-extensions==3.7.4.3 in /anaconda3/envs/demo_dash_env/lib/python3.9/site-packages (from -r requirements.txt (line 30)) (3.7.4.3)
2021-05-11T18:36:11,051 Requirement already satisfied: urllib3==1.26.4 in /anaconda3/envs/demo_dash_env/lib/python3.9/site-packages (from -r requirements.txt (line 31)) (1.26.4)
2021-05-11T18:36:11,052 Requirement already satisfied: bandit==1.7.0 in /anaconda3/envs/demo_dash_env/lib/python3.9/site-packages (from -r requirements-dev.txt (line 2)) (1.7.0)
2021-05-11T18:36:11,053 Requirement already satisfied: black==20.8b1 in /anaconda3/envs/demo_dash_env/lib/python3.9/site-packages (from -r requirements-dev.txt (line 3)) (20.8b1)
2021-05-11T18:36:11,054 Requirement already satisfied: coverage==5.4 in /anaconda3/envs/demo_dash_env/lib/python3.9/site-packages (from -r requirements-dev.txt (line 4)) (5.4)
2021-05-11T18:36:11,055 Requirement already satisfied: doit==0.33.1 in /anaconda3/envs/demo_dash_env/lib/python3.9/site-packages (from -r requirements-dev.txt (line 5)) (0.33.1)
2021-05-11T18:36:11,056 Requirement already satisfied: flake8==3.8.4 in /anaconda3/envs/demo_dash_env/lib/python3.9/site-packages (from -r requirements-dev.txt (line 6)) (3.8.4)
2021-05-11T18:36:11,056 Requirement already satisfied: flake8-import-order==0.18.1 in /anaconda3/envs/demo_dash_env/lib/python3.9/site-packages (from -r requirements-dev.txt (line 7)) (0.18.1)
2021-05-11T18:36:11,057 Requirement already satisfied: mypy==0.812 in /anaconda3/envs/demo_dash_env/lib/python3.9/site-packages (from -r requirements-dev.txt (line 8)) (0.812)
2021-05-11T18:36:11,058 Requirement already satisfied: pep8==1.7.1 in /anaconda3/envs/demo_dash_env/lib/python3.9/site-packages (from -r requirements-dev.txt (line 9)) (1.7.1)
2021-05-11T18:36:11,059 Requirement already satisfied: pep8-naming==0.11.1 in /anaconda3/envs/demo_dash_env/lib/python3.9/site-packages (from -r requirements-dev.txt (line 10)) (0.11.1)
2021-05-11T18:36:11,060 Requirement already satisfied: pydocstyle==5.1.1 in /anaconda3/envs/demo_dash_env/lib/python3.9/site-packages (from -r requirements-dev.txt (line 11)) (5.1.1)
2021-05-11T18:36:11,062 Requirement already satisfied: pylint==2.7.2 in /anaconda3/envs/demo_dash_env/lib/python3.9/site-packages (from -r requirements-dev.txt (line 12)) (2.7.2)
2021-05-11T18:36:11,064 Requirement already satisfied: pylint-gitlab==0.2.0 in /anaconda3/envs/demo_dash_env/lib/python3.9/site-packages (from -r requirements-dev.txt (line 13)) (0.2.0)
2021-05-11T18:36:11,065 Requirement already satisfied: pytest==6.2.2 in /anaconda3/envs/demo_dash_env/lib/python3.9/site-packages (from -r requirements-dev.txt (line 14)) (6.2.2)
2021-05-11T18:36:11,067 Requirement already satisfied: py2puml==0.4.0 in /anaconda3/envs/demo_dash_env/lib/python3.9/site-packages (from -r requirements-dev.txt (line 15)) (0.4.0)
2021-05-11T18:36:11,121 Requirement already satisfied: PyYAML>=5.3.1 in /anaconda3/envs/demo_dash_env/lib/python3.9/site-packages (from bandit==1.7.0->-r requirements-dev.txt (line 2)) (5.4.1)
2021-05-11T18:36:11,122 Requirement already satisfied: GitPython>=1.0.1 in /anaconda3/envs/demo_dash_env/lib/python3.9/site-packages (from bandit==1.7.0->-r requirements-dev.txt (line 2)) (3.1.14)
2021-05-11T18:36:11,123 Requirement already satisfied: stevedore>=1.20.0 in /anaconda3/envs/demo_dash_env/lib/python3.9/site-packages (from bandit==1.7.0->-r requirements-dev.txt (line 2)) (3.3.0)
2021-05-11T18:36:11,164 Requirement already satisfied: macfsevents in /anaconda3/envs/demo_dash_env/lib/python3.9/site-packages (from doit==0.33.1->-r requirements-dev.txt (line 5)) (0.8.1)
2021-05-11T18:36:11,166 Requirement already satisfied: cloudpickle in /anaconda3/envs/demo_dash_env/lib/python3.9/site-packages (from doit==0.33.1->-r requirements-dev.txt (line 5)) (1.6.0)
2021-05-11T18:36:11,181 Requirement already satisfied: pip in /anaconda3/envs/demo_dash_env/lib/python3.9/site-packages (from fastcore==1.3.19->-r requirements.txt (line 6)) (21.0.1)
2021-05-11T18:36:11,198 Requirement already satisfied: pyflakes<2.3.0,>=2.2.0 in /anaconda3/envs/demo_dash_env/lib/python3.9/site-packages (from flake8==3.8.4->-r requirements-dev.txt (line 6)) (2.2.0)
2021-05-11T18:36:11,200 Requirement already satisfied: mccabe<0.7.0,>=0.6.0 in /anaconda3/envs/demo_dash_env/lib/python3.9/site-packages (from flake8==3.8.4->-r requirements-dev.txt (line 6)) (0.6.1)
2021-05-11T18:36:11,201 Requirement already satisfied: pycodestyle<2.7.0,>=2.6.0a1 in /anaconda3/envs/demo_dash_env/lib/python3.9/site-packages (from flake8==3.8.4->-r requirements-dev.txt (line 6)) (2.6.0)
2021-05-11T18:36:11,208 Requirement already satisfied: setuptools in /anaconda3/envs/demo_dash_env/lib/python3.9/site-packages (from flake8-import-order==0.18.1->-r requirements-dev.txt (line 7)) (52.0.0.post20210125)
2021-05-11T18:36:11,286 Requirement already satisfied: typing-inspect in /anaconda3/envs/demo_dash_env/lib/python3.9/site-packages (from marshmallow-dataclass==8.4.1->-r requirements.txt (line 10)) (0.6.0)
2021-05-11T18:36:11,299 Requirement already satisfied: kiwisolver>=1.0.1 in /anaconda3/envs/demo_dash_env/lib/python3.9/site-packages (from matplotlib==3.4.1->-r requirements.txt (line 11)) (1.3.1)
2021-05-11T18:36:11,300 Requirement already satisfied: cycler>=0.10 in /anaconda3/envs/demo_dash_env/lib/python3.9/site-packages (from matplotlib==3.4.1->-r requirements.txt (line 11)) (0.10.0)
2021-05-11T18:36:11,339 Requirement already satisfied: flake8-polyfill<2,>=1.0.2 in /anaconda3/envs/demo_dash_env/lib/python3.9/site-packages (from pep8-naming==0.11.1->-r requirements-dev.txt (line 10)) (1.0.2)
2021-05-11T18:36:11,358 Requirement already satisfied: snowballstemmer in /anaconda3/envs/demo_dash_env/lib/python3.9/site-packages (from pydocstyle==5.1.1->-r requirements-dev.txt (line 11)) (2.1.0)
2021-05-11T18:36:11,371 Requirement already satisfied: isort<6,>=4.2.5 in /anaconda3/envs/demo_dash_env/lib/python3.9/site-packages (from pylint==2.7.2->-r requirements-dev.txt (line 12)) (5.8.0)
2021-05-11T18:36:11,373 Requirement already satisfied: astroid<2.6,>=2.5.1 in /anaconda3/envs/demo_dash_env/lib/python3.9/site-packages (from pylint==2.7.2->-r requirements-dev.txt (line 12)) (2.5.6)
2021-05-11T18:36:11,389 Requirement already satisfied: anybadge in /anaconda3/envs/demo_dash_env/lib/python3.9/site-packages (from pylint-gitlab==0.2.0->-r requirements-dev.txt (line 13)) (1.7.0)
2021-05-11T18:36:11,390 Requirement already satisfied: importlib-metadata in /anaconda3/envs/demo_dash_env/lib/python3.9/site-packages (from pylint-gitlab==0.2.0->-r requirements-dev.txt (line 13)) (4.0.1)
2021-05-11T18:36:11,391 Requirement already satisfied: zipp in /anaconda3/envs/demo_dash_env/lib/python3.9/site-packages (from pylint-gitlab==0.2.0->-r requirements-dev.txt (line 13)) (3.4.1)
2021-05-11T18:36:11,392 Requirement already satisfied: wrapt in /anaconda3/envs/demo_dash_env/lib/python3.9/site-packages (from pylint-gitlab==0.2.0->-r requirements-dev.txt (line 13)) (1.12.1)
2021-05-11T18:36:11,393 Requirement already satisfied: jinja2 in /anaconda3/envs/demo_dash_env/lib/python3.9/site-packages (from pylint-gitlab==0.2.0->-r requirements-dev.txt (line 13)) (3.0.0)
2021-05-11T18:36:11,394 Requirement already satisfied: lazy-object-proxy in /anaconda3/envs/demo_dash_env/lib/python3.9/site-packages (from pylint-gitlab==0.2.0->-r requirements-dev.txt (line 13)) (1.6.0)
2021-05-11T18:36:11,395 Requirement already satisfied: markupsafe in /anaconda3/envs/demo_dash_env/lib/python3.9/site-packages (from pylint-gitlab==0.2.0->-r requirements-dev.txt (line 13)) (2.0.0)
2021-05-11T18:36:11,452 Requirement already satisfied: scipy>=1.0 in /anaconda3/envs/demo_dash_env/lib/python3.9/site-packages (from seaborn==0.11.1->-r requirements.txt (line 25)) (1.6.3)
2021-05-11T18:36:11,479 Requirement already satisfied: pydeck>=0.1.dev5 in /anaconda3/envs/demo_dash_env/lib/python3.9/site-packages (from streamlit==0.81.0->-r requirements.txt (line 27)) (0.6.2)
2021-05-11T18:36:11,480 Requirement already satisfied: cachetools>=4.0 in /anaconda3/envs/demo_dash_env/lib/python3.9/site-packages (from streamlit==0.81.0->-r requirements.txt (line 27)) (4.2.2)
2021-05-11T18:36:11,482 Requirement already satisfied: tornado>=5.0 in /anaconda3/envs/demo_dash_env/lib/python3.9/site-packages (from streamlit==0.81.0->-r requirements.txt (line 27)) (6.1)
2021-05-11T18:36:11,482 Requirement already satisfied: validators in /anaconda3/envs/demo_dash_env/lib/python3.9/site-packages (from streamlit==0.81.0->-r requirements.txt (line 27)) (0.18.2)
2021-05-11T18:36:11,483 Requirement already satisfied: astor in /anaconda3/envs/demo_dash_env/lib/python3.9/site-packages (from streamlit==0.81.0->-r requirements.txt (line 27)) (0.8.1)
2021-05-11T18:36:11,485 Requirement already satisfied: protobuf!=3.11,>=3.6.0 in /anaconda3/envs/demo_dash_env/lib/python3.9/site-packages (from streamlit==0.81.0->-r requirements.txt (line 27)) (3.16.0)
2021-05-11T18:36:11,487 Requirement already satisfied: tzlocal in /anaconda3/envs/demo_dash_env/lib/python3.9/site-packages (from streamlit==0.81.0->-r requirements.txt (line 27)) (2.1)
2021-05-11T18:36:11,489 Requirement already satisfied: altair>=3.2.0 in /anaconda3/envs/demo_dash_env/lib/python3.9/site-packages (from streamlit==0.81.0->-r requirements.txt (line 27)) (4.1.0)
2021-05-11T18:36:11,490 Requirement already satisfied: base58 in /anaconda3/envs/demo_dash_env/lib/python3.9/site-packages (from streamlit==0.81.0->-r requirements.txt (line 27)) (2.1.0)
2021-05-11T18:36:11,492 Requirement already satisfied: blinker in /anaconda3/envs/demo_dash_env/lib/python3.9/site-packages (from streamlit==0.81.0->-r requirements.txt (line 27)) (1.4)
2021-05-11T18:36:11,539 Requirement already satisfied: entrypoints in /anaconda3/envs/demo_dash_env/lib/python3.9/site-packages (from altair>=3.2.0->streamlit==0.81.0->-r requirements.txt (line 27)) (0.3)
2021-05-11T18:36:11,540 Requirement already satisfied: jsonschema in /anaconda3/envs/demo_dash_env/lib/python3.9/site-packages (from altair>=3.2.0->streamlit==0.81.0->-r requirements.txt (line 27)) (3.2.0)
2021-05-11T18:36:11,541 Requirement already satisfied: toolz in /anaconda3/envs/demo_dash_env/lib/python3.9/site-packages (from altair>=3.2.0->streamlit==0.81.0->-r requirements.txt (line 27)) (0.11.1)
2021-05-11T18:36:11,573 Requirement already satisfied: gitdb<5,>=4.0.1 in /anaconda3/envs/demo_dash_env/lib/python3.9/site-packages (from GitPython>=1.0.1->bandit==1.7.0->-r requirements-dev.txt (line 2)) (4.0.7)
2021-05-11T18:36:11,583 Requirement already satisfied: smmap<5,>=3.0.1 in /anaconda3/envs/demo_dash_env/lib/python3.9/site-packages (from gitdb<5,>=4.0.1->GitPython>=1.0.1->bandit==1.7.0->-r requirements-dev.txt (line 2)) (4.0.0)
2021-05-11T18:36:11,637 Requirement already satisfied: traitlets>=4.3.2 in /anaconda3/envs/demo_dash_env/lib/python3.9/site-packages (from pydeck>=0.1.dev5->streamlit==0.81.0->-r requirements.txt (line 27)) (5.0.5)
2021-05-11T18:36:11,638 Requirement already satisfied: ipykernel>=5.1.2 in /anaconda3/envs/demo_dash_env/lib/python3.9/site-packages (from pydeck>=0.1.dev5->streamlit==0.81.0->-r requirements.txt (line 27)) (5.5.4)
2021-05-11T18:36:11,640 Requirement already satisfied: ipywidgets>=7.0.0 in /anaconda3/envs/demo_dash_env/lib/python3.9/site-packages (from pydeck>=0.1.dev5->streamlit==0.81.0->-r requirements.txt (line 27)) (7.6.3)
2021-05-11T18:36:11,655 Requirement already satisfied: ipython>=5.0.0 in /anaconda3/envs/demo_dash_env/lib/python3.9/site-packages (from ipykernel>=5.1.2->pydeck>=0.1.dev5->streamlit==0.81.0->-r requirements.txt (line 27)) (7.23.1)
2021-05-11T18:36:11,656 Requirement already satisfied: jupyter-client in /anaconda3/envs/demo_dash_env/lib/python3.9/site-packages (from ipykernel>=5.1.2->pydeck>=0.1.dev5->streamlit==0.81.0->-r requirements.txt (line 27)) (6.1.12)
2021-05-11T18:36:11,657 Requirement already satisfied: appnope in /anaconda3/envs/demo_dash_env/lib/python3.9/site-packages (from ipykernel>=5.1.2->pydeck>=0.1.dev5->streamlit==0.81.0->-r requirements.txt (line 27)) (0.1.2)
2021-05-11T18:36:11,708 Requirement already satisfied: pygments in /anaconda3/envs/demo_dash_env/lib/python3.9/site-packages (from ipython>=5.0.0->ipykernel>=5.1.2->pydeck>=0.1.dev5->streamlit==0.81.0->-r requirements.txt (line 27)) (2.9.0)
2021-05-11T18:36:11,709 Requirement already satisfied: prompt-toolkit!=3.0.0,!=3.0.1,<3.1.0,>=2.0.0 in /anaconda3/envs/demo_dash_env/lib/python3.9/site-packages (from ipython>=5.0.0->ipykernel>=5.1.2->pydeck>=0.1.dev5->streamlit==0.81.0->-r requirements.txt (line 27)) (3.0.18)
2021-05-11T18:36:11,710 Requirement already satisfied: matplotlib-inline in /anaconda3/envs/demo_dash_env/lib/python3.9/site-packages (from ipython>=5.0.0->ipykernel>=5.1.2->pydeck>=0.1.dev5->streamlit==0.81.0->-r requirements.txt (line 27)) (0.1.2)
2021-05-11T18:36:11,711 Requirement already satisfied: backcall in /anaconda3/envs/demo_dash_env/lib/python3.9/site-packages (from ipython>=5.0.0->ipykernel>=5.1.2->pydeck>=0.1.dev5->streamlit==0.81.0->-r requirements.txt (line 27)) (0.2.0)
2021-05-11T18:36:11,729 Requirement already satisfied: decorator in /anaconda3/envs/demo_dash_env/lib/python3.9/site-packages (from ipython>=5.0.0->ipykernel>=5.1.2->pydeck>=0.1.dev5->streamlit==0.81.0->-r requirements.txt (line 27)) (5.0.7)
2021-05-11T18:36:11,730 Requirement already satisfied: pickleshare in /anaconda3/envs/demo_dash_env/lib/python3.9/site-packages (from ipython>=5.0.0->ipykernel>=5.1.2->pydeck>=0.1.dev5->streamlit==0.81.0->-r requirements.txt (line 27)) (0.7.5)
2021-05-11T18:36:11,731 Requirement already satisfied: pexpect>4.3 in /anaconda3/envs/demo_dash_env/lib/python3.9/site-packages (from ipython>=5.0.0->ipykernel>=5.1.2->pydeck>=0.1.dev5->streamlit==0.81.0->-r requirements.txt (line 27)) (4.8.0)
2021-05-11T18:36:11,733 Requirement already satisfied: jedi>=0.16 in /anaconda3/envs/demo_dash_env/lib/python3.9/site-packages (from ipython>=5.0.0->ipykernel>=5.1.2->pydeck>=0.1.dev5->streamlit==0.81.0->-r requirements.txt (line 27)) (0.18.0)
2021-05-11T18:36:11,753 Requirement already satisfied: jupyterlab-widgets>=1.0.0 in /anaconda3/envs/demo_dash_env/lib/python3.9/site-packages (from ipywidgets>=7.0.0->pydeck>=0.1.dev5->streamlit==0.81.0->-r requirements.txt (line 27)) (1.0.0)
2021-05-11T18:36:11,754 Requirement already satisfied: widgetsnbextension~=3.5.0 in /anaconda3/envs/demo_dash_env/lib/python3.9/site-packages (from ipywidgets>=7.0.0->pydeck>=0.1.dev5->streamlit==0.81.0->-r requirements.txt (line 27)) (3.5.1)
2021-05-11T18:36:11,754 Requirement already satisfied: nbformat>=4.2.0 in /anaconda3/envs/demo_dash_env/lib/python3.9/site-packages (from ipywidgets>=7.0.0->pydeck>=0.1.dev5->streamlit==0.81.0->-r requirements.txt (line 27)) (5.1.3)
2021-05-11T18:36:11,772 Requirement already satisfied: parso<0.9.0,>=0.8.0 in /anaconda3/envs/demo_dash_env/lib/python3.9/site-packages (from jedi>=0.16->ipython>=5.0.0->ipykernel>=5.1.2->pydeck>=0.1.dev5->streamlit==0.81.0->-r requirements.txt (line 27)) (0.8.2)
2021-05-11T18:36:11,818 Requirement already satisfied: jupyter-core in /anaconda3/envs/demo_dash_env/lib/python3.9/site-packages (from nbformat>=4.2.0->ipywidgets>=7.0.0->pydeck>=0.1.dev5->streamlit==0.81.0->-r requirements.txt (line 27)) (4.7.1)
2021-05-11T18:36:11,819 Requirement already satisfied: ipython-genutils in /anaconda3/envs/demo_dash_env/lib/python3.9/site-packages (from nbformat>=4.2.0->ipywidgets>=7.0.0->pydeck>=0.1.dev5->streamlit==0.81.0->-r requirements.txt (line 27)) (0.2.0)
2021-05-11T18:36:11,845 Requirement already satisfied: pyrsistent>=0.14.0 in /anaconda3/envs/demo_dash_env/lib/python3.9/site-packages (from jsonschema->altair>=3.2.0->streamlit==0.81.0->-r requirements.txt (line 27)) (0.17.3)
2021-05-11T18:36:11,863 Requirement already satisfied: ptyprocess>=0.5 in /anaconda3/envs/demo_dash_env/lib/python3.9/site-packages (from pexpect>4.3->ipython>=5.0.0->ipykernel>=5.1.2->pydeck>=0.1.dev5->streamlit==0.81.0->-r requirements.txt (line 27)) (0.7.0)
2021-05-11T18:36:11,871 Requirement already satisfied: wcwidth in /anaconda3/envs/demo_dash_env/lib/python3.9/site-packages (from prompt-toolkit!=3.0.0,!=3.0.1,<3.1.0,>=2.0.0->ipython>=5.0.0->ipykernel>=5.1.2->pydeck>=0.1.dev5->streamlit==0.81.0->-r requirements.txt (line 27)) (0.2.5)
2021-05-11T18:36:11,924 Requirement already satisfied: pbr!=2.1.0,>=2.0.0 in /anaconda3/envs/demo_dash_env/lib/python3.9/site-packages (from stevedore>=1.20.0->bandit==1.7.0->-r requirements-dev.txt (line 2)) (5.6.0)
2021-05-11T18:36:11,956 Requirement already satisfied: notebook>=4.4.1 in /anaconda3/envs/demo_dash_env/lib/python3.9/site-packages (from widgetsnbextension~=3.5.0->ipywidgets>=7.0.0->pydeck>=0.1.dev5->streamlit==0.81.0->-r requirements.txt (line 27)) (6.3.0)
2021-05-11T18:36:11,996 Requirement already satisfied: pyzmq>=17 in /anaconda3/envs/demo_dash_env/lib/python3.9/site-packages (from notebook>=4.4.1->widgetsnbextension~=3.5.0->ipywidgets>=7.0.0->pydeck>=0.1.dev5->streamlit==0.81.0->-r requirements.txt (line 27)) (22.0.3)
2021-05-11T18:36:11,997 Requirement already satisfied: nbconvert in /anaconda3/envs/demo_dash_env/lib/python3.9/site-packages (from notebook>=4.4.1->widgetsnbextension~=3.5.0->ipywidgets>=7.0.0->pydeck>=0.1.dev5->streamlit==0.81.0->-r requirements.txt (line 27)) (6.0.7)
2021-05-11T18:36:11,998 Requirement already satisfied: argon2-cffi in /anaconda3/envs/demo_dash_env/lib/python3.9/site-packages (from notebook>=4.4.1->widgetsnbextension~=3.5.0->ipywidgets>=7.0.0->pydeck>=0.1.dev5->streamlit==0.81.0->-r requirements.txt (line 27)) (20.1.0)
2021-05-11T18:36:11,999 Requirement already satisfied: prometheus-client in /anaconda3/envs/demo_dash_env/lib/python3.9/site-packages (from notebook>=4.4.1->widgetsnbextension~=3.5.0->ipywidgets>=7.0.0->pydeck>=0.1.dev5->streamlit==0.81.0->-r requirements.txt (line 27)) (0.10.1)
2021-05-11T18:36:12,001 Requirement already satisfied: Send2Trash>=1.5.0 in /anaconda3/envs/demo_dash_env/lib/python3.9/site-packages (from notebook>=4.4.1->widgetsnbextension~=3.5.0->ipywidgets>=7.0.0->pydeck>=0.1.dev5->streamlit==0.81.0->-r requirements.txt (line 27)) (1.5.0)
2021-05-11T18:36:12,002 Requirement already satisfied: terminado>=0.8.3 in /anaconda3/envs/demo_dash_env/lib/python3.9/site-packages (from notebook>=4.4.1->widgetsnbextension~=3.5.0->ipywidgets>=7.0.0->pydeck>=0.1.dev5->streamlit==0.81.0->-r requirements.txt (line 27)) (0.9.5)
2021-05-11T18:36:12,115 Requirement already satisfied: cffi>=1.0.0 in /anaconda3/envs/demo_dash_env/lib/python3.9/site-packages (from argon2-cffi->notebook>=4.4.1->widgetsnbextension~=3.5.0->ipywidgets>=7.0.0->pydeck>=0.1.dev5->streamlit==0.81.0->-r requirements.txt (line 27)) (1.14.5)
2021-05-11T18:36:12,124 Requirement already satisfied: pycparser in /anaconda3/envs/demo_dash_env/lib/python3.9/site-packages (from cffi>=1.0.0->argon2-cffi->notebook>=4.4.1->widgetsnbextension~=3.5.0->ipywidgets>=7.0.0->pydeck>=0.1.dev5->streamlit==0.81.0->-r requirements.txt (line 27)) (2.20)
2021-05-11T18:36:12,310 Requirement already satisfied: jupyterlab-pygments in /anaconda3/envs/demo_dash_env/lib/python3.9/site-packages (from nbconvert->notebook>=4.4.1->widgetsnbextension~=3.5.0->ipywidgets>=7.0.0->pydeck>=0.1.dev5->streamlit==0.81.0->-r requirements.txt (line 27)) (0.1.2)
2021-05-11T18:36:12,312 Requirement already satisfied: testpath in /anaconda3/envs/demo_dash_env/lib/python3.9/site-packages (from nbconvert->notebook>=4.4.1->widgetsnbextension~=3.5.0->ipywidgets>=7.0.0->pydeck>=0.1.dev5->streamlit==0.81.0->-r requirements.txt (line 27)) (0.4.4)
2021-05-11T18:36:12,316 Requirement already satisfied: mistune<2,>=0.8.1 in /anaconda3/envs/demo_dash_env/lib/python3.9/site-packages (from nbconvert->notebook>=4.4.1->widgetsnbextension~=3.5.0->ipywidgets>=7.0.0->pydeck>=0.1.dev5->streamlit==0.81.0->-r requirements.txt (line 27)) (0.8.4)
2021-05-11T18:36:12,317 Requirement already satisfied: bleach in /anaconda3/envs/demo_dash_env/lib/python3.9/site-packages (from nbconvert->notebook>=4.4.1->widgetsnbextension~=3.5.0->ipywidgets>=7.0.0->pydeck>=0.1.dev5->streamlit==0.81.0->-r requirements.txt (line 27)) (3.3.0)
2021-05-11T18:36:12,319 Requirement already satisfied: defusedxml in /anaconda3/envs/demo_dash_env/lib/python3.9/site-packages (from nbconvert->notebook>=4.4.1->widgetsnbextension~=3.5.0->ipywidgets>=7.0.0->pydeck>=0.1.dev5->streamlit==0.81.0->-r requirements.txt (line 27)) (0.7.1)
2021-05-11T18:36:12,321 Requirement already satisfied: nbclient<0.6.0,>=0.5.0 in /anaconda3/envs/demo_dash_env/lib/python3.9/site-packages (from nbconvert->notebook>=4.4.1->widgetsnbextension~=3.5.0->ipywidgets>=7.0.0->pydeck>=0.1.dev5->streamlit==0.81.0->-r requirements.txt (line 27)) (0.5.3)
2021-05-11T18:36:12,322 Requirement already satisfied: pandocfilters>=1.4.1 in /anaconda3/envs/demo_dash_env/lib/python3.9/site-packages (from nbconvert->notebook>=4.4.1->widgetsnbextension~=3.5.0->ipywidgets>=7.0.0->pydeck>=0.1.dev5->streamlit==0.81.0->-r requirements.txt (line 27)) (1.4.3)
2021-05-11T18:36:12,395 Requirement already satisfied: nest-asyncio in /anaconda3/envs/demo_dash_env/lib/python3.9/site-packages (from nbclient<0.6.0,>=0.5.0->nbconvert->notebook>=4.4.1->widgetsnbextension~=3.5.0->ipywidgets>=7.0.0->pydeck>=0.1.dev5->streamlit==0.81.0->-r requirements.txt (line 27)) (1.5.1)
2021-05-11T18:36:12,396 Requirement already satisfied: async-generator in /anaconda3/envs/demo_dash_env/lib/python3.9/site-packages (from nbclient<0.6.0,>=0.5.0->nbconvert->notebook>=4.4.1->widgetsnbextension~=3.5.0->ipywidgets>=7.0.0->pydeck>=0.1.dev5->streamlit==0.81.0->-r requirements.txt (line 27)) (1.10)
2021-05-11T18:36:12,435 Requirement already satisfied: webencodings in /anaconda3/envs/demo_dash_env/lib/python3.9/site-packages (from bleach->nbconvert->notebook>=4.4.1->widgetsnbextension~=3.5.0->ipywidgets>=7.0.0->pydeck>=0.1.dev5->streamlit==0.81.0->-r requirements.txt (line 27)) (0.5.1)
2021-05-11T18:36:12,610 Created temporary directory: /private/var/folders/w4/z14px6ds5tzb4k51rd95l1s00000gn/T/pip-unpack-p3tszrwv
2021-05-11T18:36:12,703 Removed build tracker: '/private/var/folders/w4/z14px6ds5tzb4k51rd95l1s00000gn/T/pip-req-tracker-fvikcmnb'
2021-05-11T20:11:10,261 Using pip 21.0.1 from /anaconda3/envs/demo_dash_env/lib/python3.9/site-packages/pip (python 3.9)
2021-05-11T20:11:10,265 Non-user install because site-packages writeable
2021-05-11T20:11:10,293 Created temporary directory: /private/var/folders/w4/z14px6ds5tzb4k51rd95l1s00000gn/T/pip-ephem-wheel-cache-cir13_1r
2021-05-11T20:11:10,294 Created temporary directory: /private/var/folders/w4/z14px6ds5tzb4k51rd95l1s00000gn/T/pip-req-tracker-8_jcxmib
2021-05-11T20:11:10,294 Initialized build tracking at /private/var/folders/w4/z14px6ds5tzb4k51rd95l1s00000gn/T/pip-req-tracker-8_jcxmib
2021-05-11T20:11:10,294 Created build tracker: /private/var/folders/w4/z14px6ds5tzb4k51rd95l1s00000gn/T/pip-req-tracker-8_jcxmib
2021-05-11T20:11:10,294 Entered build tracker: /private/var/folders/w4/z14px6ds5tzb4k51rd95l1s00000gn/T/pip-req-tracker-8_jcxmib
2021-05-11T20:11:10,294 Created temporary directory: /private/var/folders/w4/z14px6ds5tzb4k51rd95l1s00000gn/T/pip-install-3aj6cypu
2021-05-11T20:11:10,365 Requirement already satisfied: appdirs==1.4.4 in /anaconda3/envs/demo_dash_env/lib/python3.9/site-packages (from -r requirements.txt (line 1)) (1.4.4)
2021-05-11T20:11:10,366 Requirement already satisfied: attrs==20.3.0 in /anaconda3/envs/demo_dash_env/lib/python3.9/site-packages (from -r requirements.txt (line 2)) (20.3.0)
2021-05-11T20:11:10,368 Requirement already satisfied: certifi==2020.12.5 in /anaconda3/envs/demo_dash_env/lib/python3.9/site-packages (from -r requirements.txt (line 3)) (2020.12.5)
2021-05-11T20:11:10,369 Requirement already satisfied: chardet==4.0.0 in /anaconda3/envs/demo_dash_env/lib/python3.9/site-packages (from -r requirements.txt (line 4)) (4.0.0)
2021-05-11T20:11:10,370 Requirement already satisfied: click==7.1.2 in /anaconda3/envs/demo_dash_env/lib/python3.9/site-packages (from -r requirements.txt (line 5)) (7.1.2)
2021-05-11T20:11:10,371 Requirement already satisfied: fastcore==1.3.19 in /anaconda3/envs/demo_dash_env/lib/python3.9/site-packages (from -r requirements.txt (line 6)) (1.3.19)
2021-05-11T20:11:10,373 Requirement already satisfied: idna==2.10 in /anaconda3/envs/demo_dash_env/lib/python3.9/site-packages (from -r requirements.txt (line 7)) (2.10)
2021-05-11T20:11:10,374 Requirement already satisfied: iniconfig==1.1.1 in /anaconda3/envs/demo_dash_env/lib/python3.9/site-packages (from -r requirements.txt (line 8)) (1.1.1)
2021-05-11T20:11:10,375 Requirement already satisfied: marshmallow==3.11.1 in /anaconda3/envs/demo_dash_env/lib/python3.9/site-packages (from -r requirements.txt (line 9)) (3.11.1)
2021-05-11T20:11:10,375 Requirement already satisfied: marshmallow-dataclass==8.4.1 in /anaconda3/envs/demo_dash_env/lib/python3.9/site-packages (from -r requirements.txt (line 10)) (8.4.1)
2021-05-11T20:11:10,376 Requirement already satisfied: matplotlib==3.4.1 in /anaconda3/envs/demo_dash_env/lib/python3.9/site-packages (from -r requirements.txt (line 11)) (3.4.1)
2021-05-11T20:11:10,377 Requirement already satisfied: mypy-extensions==0.4.3 in /anaconda3/envs/demo_dash_env/lib/python3.9/site-packages (from -r requirements.txt (line 12)) (0.4.3)
2021-05-11T20:11:10,379 Requirement already satisfied: numpy==1.20.1 in /anaconda3/envs/demo_dash_env/lib/python3.9/site-packages (from -r requirements.txt (line 13)) (1.20.1)
2021-05-11T20:11:10,380 Requirement already satisfied: packaging==20.9 in /anaconda3/envs/demo_dash_env/lib/python3.9/site-packages (from -r requirements.txt (line 14)) (20.9)
2021-05-11T20:11:10,381 Requirement already satisfied: pandas==1.2.2 in /anaconda3/envs/demo_dash_env/lib/python3.9/site-packages (from -r requirements.txt (line 15)) (1.2.2)
2021-05-11T20:11:10,382 Requirement already satisfied: pathspec==0.8.1 in /anaconda3/envs/demo_dash_env/lib/python3.9/site-packages (from -r requirements.txt (line 16)) (0.8.1)
2021-05-11T20:11:10,383 Requirement already satisfied: pillow==8.2.0 in /anaconda3/envs/demo_dash_env/lib/python3.9/site-packages (from -r requirements.txt (line 17)) (8.2.0)
2021-05-11T20:11:10,384 Requirement already satisfied: pluggy==0.13.1 in /anaconda3/envs/demo_dash_env/lib/python3.9/site-packages (from -r requirements.txt (line 18)) (0.13.1)
2021-05-11T20:11:10,386 Requirement already satisfied: py==1.10.0 in /anaconda3/envs/demo_dash_env/lib/python3.9/site-packages (from -r requirements.txt (line 19)) (1.10.0)
2021-05-11T20:11:10,387 Requirement already satisfied: pyparsing==2.4.7 in /anaconda3/envs/demo_dash_env/lib/python3.9/site-packages (from -r requirements.txt (line 20)) (2.4.7)
2021-05-11T20:11:10,388 Requirement already satisfied: python-dateutil==2.8.1 in /anaconda3/envs/demo_dash_env/lib/python3.9/site-packages (from -r requirements.txt (line 21)) (2.8.1)
2021-05-11T20:11:10,389 Requirement already satisfied: pytz==2021.1 in /anaconda3/envs/demo_dash_env/lib/python3.9/site-packages (from -r requirements.txt (line 22)) (2021.1)
2021-05-11T20:11:10,391 Requirement already satisfied: regex==2020.11.13 in /anaconda3/envs/demo_dash_env/lib/python3.9/site-packages (from -r requirements.txt (line 23)) (2020.11.13)
2021-05-11T20:11:10,392 Requirement already satisfied: requests==2.25.1 in /anaconda3/envs/demo_dash_env/lib/python3.9/site-packages (from -r requirements.txt (line 24)) (2.25.1)
2021-05-11T20:11:10,394 Requirement already satisfied: seaborn==0.11.1 in /anaconda3/envs/demo_dash_env/lib/python3.9/site-packages (from -r requirements.txt (line 25)) (0.11.1)
2021-05-11T20:11:10,395 Requirement already satisfied: six==1.15.0 in /anaconda3/envs/demo_dash_env/lib/python3.9/site-packages (from -r requirements.txt (line 26)) (1.15.0)
2021-05-11T20:11:10,397 Requirement already satisfied: streamlit==0.81.0 in /anaconda3/envs/demo_dash_env/lib/python3.9/site-packages (from -r requirements.txt (line 27)) (0.81.0)
2021-05-11T20:11:10,398 Requirement already satisfied: toml==0.10.2 in /anaconda3/envs/demo_dash_env/lib/python3.9/site-packages (from -r requirements.txt (line 28)) (0.10.2)
2021-05-11T20:11:10,400 Requirement already satisfied: typed-ast==1.4.2 in /anaconda3/envs/demo_dash_env/lib/python3.9/site-packages (from -r requirements.txt (line 29)) (1.4.2)
2021-05-11T20:11:10,401 Requirement already satisfied: typing-extensions==3.7.4.3 in /anaconda3/envs/demo_dash_env/lib/python3.9/site-packages (from -r requirements.txt (line 30)) (3.7.4.3)
2021-05-11T20:11:10,403 Requirement already satisfied: urllib3==1.26.4 in /anaconda3/envs/demo_dash_env/lib/python3.9/site-packages (from -r requirements.txt (line 31)) (1.26.4)
2021-05-11T20:11:10,404 Requirement already satisfied: bandit==1.7.0 in /anaconda3/envs/demo_dash_env/lib/python3.9/site-packages (from -r requirements-dev.txt (line 2)) (1.7.0)
2021-05-11T20:11:10,405 Requirement already satisfied: black==20.8b1 in /anaconda3/envs/demo_dash_env/lib/python3.9/site-packages (from -r requirements-dev.txt (line 3)) (20.8b1)
2021-05-11T20:11:10,406 Requirement already satisfied: coverage==5.4 in /anaconda3/envs/demo_dash_env/lib/python3.9/site-packages (from -r requirements-dev.txt (line 4)) (5.4)
2021-05-11T20:11:10,407 Requirement already satisfied: doit==0.33.1 in /anaconda3/envs/demo_dash_env/lib/python3.9/site-packages (from -r requirements-dev.txt (line 5)) (0.33.1)
2021-05-11T20:11:10,408 Requirement already satisfied: flake8==3.8.4 in /anaconda3/envs/demo_dash_env/lib/python3.9/site-packages (from -r requirements-dev.txt (line 6)) (3.8.4)
2021-05-11T20:11:10,410 Requirement already satisfied: flake8-import-order==0.18.1 in /anaconda3/envs/demo_dash_env/lib/python3.9/site-packages (from -r requirements-dev.txt (line 7)) (0.18.1)
2021-05-11T20:11:10,411 Requirement already satisfied: mypy==0.812 in /anaconda3/envs/demo_dash_env/lib/python3.9/site-packages (from -r requirements-dev.txt (line 8)) (0.812)
2021-05-11T20:11:10,412 Requirement already satisfied: pep8==1.7.1 in /anaconda3/envs/demo_dash_env/lib/python3.9/site-packages (from -r requirements-dev.txt (line 9)) (1.7.1)
2021-05-11T20:11:10,414 Requirement already satisfied: pep8-naming==0.11.1 in /anaconda3/envs/demo_dash_env/lib/python3.9/site-packages (from -r requirements-dev.txt (line 10)) (0.11.1)
2021-05-11T20:11:10,415 Requirement already satisfied: pydocstyle==5.1.1 in /anaconda3/envs/demo_dash_env/lib/python3.9/site-packages (from -r requirements-dev.txt (line 11)) (5.1.1)
2021-05-11T20:11:10,416 Requirement already satisfied: pylint==2.7.2 in /anaconda3/envs/demo_dash_env/lib/python3.9/site-packages (from -r requirements-dev.txt (line 12)) (2.7.2)
2021-05-11T20:11:10,418 Requirement already satisfied: pylint-gitlab==0.2.0 in /anaconda3/envs/demo_dash_env/lib/python3.9/site-packages (from -r requirements-dev.txt (line 13)) (0.2.0)
2021-05-11T20:11:10,419 Requirement already satisfied: pytest==6.2.2 in /anaconda3/envs/demo_dash_env/lib/python3.9/site-packages (from -r requirements-dev.txt (line 14)) (6.2.2)
2021-05-11T20:11:10,420 Requirement already satisfied: py2puml==0.4.0 in /anaconda3/envs/demo_dash_env/lib/python3.9/site-packages (from -r requirements-dev.txt (line 15)) (0.4.0)
2021-05-11T20:11:10,472 Requirement already satisfied: stevedore>=1.20.0 in /anaconda3/envs/demo_dash_env/lib/python3.9/site-packages (from bandit==1.7.0->-r requirements-dev.txt (line 2)) (3.3.0)
2021-05-11T20:11:10,473 Requirement already satisfied: PyYAML>=5.3.1 in /anaconda3/envs/demo_dash_env/lib/python3.9/site-packages (from bandit==1.7.0->-r requirements-dev.txt (line 2)) (5.4.1)
2021-05-11T20:11:10,474 Requirement already satisfied: GitPython>=1.0.1 in /anaconda3/envs/demo_dash_env/lib/python3.9/site-packages (from bandit==1.7.0->-r requirements-dev.txt (line 2)) (3.1.14)
2021-05-11T20:11:10,504 Requirement already satisfied: cloudpickle in /anaconda3/envs/demo_dash_env/lib/python3.9/site-packages (from doit==0.33.1->-r requirements-dev.txt (line 5)) (1.6.0)
2021-05-11T20:11:10,505 Requirement already satisfied: macfsevents in /anaconda3/envs/demo_dash_env/lib/python3.9/site-packages (from doit==0.33.1->-r requirements-dev.txt (line 5)) (0.8.1)
2021-05-11T20:11:10,516 Requirement already satisfied: pip in /anaconda3/envs/demo_dash_env/lib/python3.9/site-packages (from fastcore==1.3.19->-r requirements.txt (line 6)) (21.0.1)
2021-05-11T20:11:10,528 Requirement already satisfied: pycodestyle<2.7.0,>=2.6.0a1 in /anaconda3/envs/demo_dash_env/lib/python3.9/site-packages (from flake8==3.8.4->-r requirements-dev.txt (line 6)) (2.6.0)
2021-05-11T20:11:10,529 Requirement already satisfied: mccabe<0.7.0,>=0.6.0 in /anaconda3/envs/demo_dash_env/lib/python3.9/site-packages (from flake8==3.8.4->-r requirements-dev.txt (line 6)) (0.6.1)
2021-05-11T20:11:10,530 Requirement already satisfied: pyflakes<2.3.0,>=2.2.0 in /anaconda3/envs/demo_dash_env/lib/python3.9/site-packages (from flake8==3.8.4->-r requirements-dev.txt (line 6)) (2.2.0)
2021-05-11T20:11:10,536 Requirement already satisfied: setuptools in /anaconda3/envs/demo_dash_env/lib/python3.9/site-packages (from flake8-import-order==0.18.1->-r requirements-dev.txt (line 7)) (52.0.0.post20210125)
2021-05-11T20:11:10,599 Requirement already satisfied: typing-inspect in /anaconda3/envs/demo_dash_env/lib/python3.9/site-packages (from marshmallow-dataclass==8.4.1->-r requirements.txt (line 10)) (0.6.0)
2021-05-11T20:11:10,608 Requirement already satisfied: cycler>=0.10 in /anaconda3/envs/demo_dash_env/lib/python3.9/site-packages (from matplotlib==3.4.1->-r requirements.txt (line 11)) (0.10.0)
2021-05-11T20:11:10,610 Requirement already satisfied: kiwisolver>=1.0.1 in /anaconda3/envs/demo_dash_env/lib/python3.9/site-packages (from matplotlib==3.4.1->-r requirements.txt (line 11)) (1.3.1)
2021-05-11T20:11:10,654 Requirement already satisfied: flake8-polyfill<2,>=1.0.2 in /anaconda3/envs/demo_dash_env/lib/python3.9/site-packages (from pep8-naming==0.11.1->-r requirements-dev.txt (line 10)) (1.0.2)
2021-05-11T20:11:10,679 Requirement already satisfied: snowballstemmer in /anaconda3/envs/demo_dash_env/lib/python3.9/site-packages (from pydocstyle==5.1.1->-r requirements-dev.txt (line 11)) (2.1.0)
2021-05-11T20:11:10,692 Requirement already satisfied: astroid<2.6,>=2.5.1 in /anaconda3/envs/demo_dash_env/lib/python3.9/site-packages (from pylint==2.7.2->-r requirements-dev.txt (line 12)) (2.5.6)
2021-05-11T20:11:10,693 Requirement already satisfied: isort<6,>=4.2.5 in /anaconda3/envs/demo_dash_env/lib/python3.9/site-packages (from pylint==2.7.2->-r requirements-dev.txt (line 12)) (5.8.0)
2021-05-11T20:11:10,708 Requirement already satisfied: anybadge in /anaconda3/envs/demo_dash_env/lib/python3.9/site-packages (from pylint-gitlab==0.2.0->-r requirements-dev.txt (line 13)) (1.7.0)
2021-05-11T20:11:10,709 Requirement already satisfied: lazy-object-proxy in /anaconda3/envs/demo_dash_env/lib/python3.9/site-packages (from pylint-gitlab==0.2.0->-r requirements-dev.txt (line 13)) (1.6.0)
2021-05-11T20:11:10,710 Requirement already satisfied: markupsafe in /anaconda3/envs/demo_dash_env/lib/python3.9/site-packages (from pylint-gitlab==0.2.0->-r requirements-dev.txt (line 13)) (2.0.0)
2021-05-11T20:11:10,711 Requirement already satisfied: wrapt in /anaconda3/envs/demo_dash_env/lib/python3.9/site-packages (from pylint-gitlab==0.2.0->-r requirements-dev.txt (line 13)) (1.12.1)
2021-05-11T20:11:10,712 Requirement already satisfied: jinja2 in /anaconda3/envs/demo_dash_env/lib/python3.9/site-packages (from pylint-gitlab==0.2.0->-r requirements-dev.txt (line 13)) (3.0.0)
2021-05-11T20:11:10,713 Requirement already satisfied: zipp in /anaconda3/envs/demo_dash_env/lib/python3.9/site-packages (from pylint-gitlab==0.2.0->-r requirements-dev.txt (line 13)) (3.4.1)
2021-05-11T20:11:10,714 Requirement already satisfied: importlib-metadata in /anaconda3/envs/demo_dash_env/lib/python3.9/site-packages (from pylint-gitlab==0.2.0->-r requirements-dev.txt (line 13)) (4.0.1)
2021-05-11T20:11:10,778 Requirement already satisfied: scipy>=1.0 in /anaconda3/envs/demo_dash_env/lib/python3.9/site-packages (from seaborn==0.11.1->-r requirements.txt (line 25)) (1.6.3)
2021-05-11T20:11:10,806 Requirement already satisfied: validators in /anaconda3/envs/demo_dash_env/lib/python3.9/site-packages (from streamlit==0.81.0->-r requirements.txt (line 27)) (0.18.2)
2021-05-11T20:11:10,808 Requirement already satisfied: pydeck>=0.1.dev5 in /anaconda3/envs/demo_dash_env/lib/python3.9/site-packages (from streamlit==0.81.0->-r requirements.txt (line 27)) (0.6.2)
2021-05-11T20:11:10,809 Requirement already satisfied: cachetools>=4.0 in /anaconda3/envs/demo_dash_env/lib/python3.9/site-packages (from streamlit==0.81.0->-r requirements.txt (line 27)) (4.2.2)
2021-05-11T20:11:10,812 Requirement already satisfied: protobuf!=3.11,>=3.6.0 in /anaconda3/envs/demo_dash_env/lib/python3.9/site-packages (from streamlit==0.81.0->-r requirements.txt (line 27)) (3.16.0)
2021-05-11T20:11:10,813 Requirement already satisfied: altair>=3.2.0 in /anaconda3/envs/demo_dash_env/lib/python3.9/site-packages (from streamlit==0.81.0->-r requirements.txt (line 27)) (4.1.0)
2021-05-11T20:11:10,814 Requirement already satisfied: base58 in /anaconda3/envs/demo_dash_env/lib/python3.9/site-packages (from streamlit==0.81.0->-r requirements.txt (line 27)) (2.1.0)
2021-05-11T20:11:10,815 Requirement already satisfied: tzlocal in /anaconda3/envs/demo_dash_env/lib/python3.9/site-packages (from streamlit==0.81.0->-r requirements.txt (line 27)) (2.1)
2021-05-11T20:11:10,816 Requirement already satisfied: blinker in /anaconda3/envs/demo_dash_env/lib/python3.9/site-packages (from streamlit==0.81.0->-r requirements.txt (line 27)) (1.4)
2021-05-11T20:11:10,817 Requirement already satisfied: tornado>=5.0 in /anaconda3/envs/demo_dash_env/lib/python3.9/site-packages (from streamlit==0.81.0->-r requirements.txt (line 27)) (6.1)
2021-05-11T20:11:10,818 Requirement already satisfied: astor in /anaconda3/envs/demo_dash_env/lib/python3.9/site-packages (from streamlit==0.81.0->-r requirements.txt (line 27)) (0.8.1)
2021-05-11T20:11:10,871 Requirement already satisfied: toolz in /anaconda3/envs/demo_dash_env/lib/python3.9/site-packages (from altair>=3.2.0->streamlit==0.81.0->-r requirements.txt (line 27)) (0.11.1)
2021-05-11T20:11:10,872 Requirement already satisfied: jsonschema in /anaconda3/envs/demo_dash_env/lib/python3.9/site-packages (from altair>=3.2.0->streamlit==0.81.0->-r requirements.txt (line 27)) (3.2.0)
2021-05-11T20:11:10,873 Requirement already satisfied: entrypoints in /anaconda3/envs/demo_dash_env/lib/python3.9/site-packages (from altair>=3.2.0->streamlit==0.81.0->-r requirements.txt (line 27)) (0.3)
2021-05-11T20:11:10,909 Requirement already satisfied: gitdb<5,>=4.0.1 in /anaconda3/envs/demo_dash_env/lib/python3.9/site-packages (from GitPython>=1.0.1->bandit==1.7.0->-r requirements-dev.txt (line 2)) (4.0.7)
2021-05-11T20:11:10,921 Requirement already satisfied: smmap<5,>=3.0.1 in /anaconda3/envs/demo_dash_env/lib/python3.9/site-packages (from gitdb<5,>=4.0.1->GitPython>=1.0.1->bandit==1.7.0->-r requirements-dev.txt (line 2)) (4.0.0)
2021-05-11T20:11:11,016 Requirement already satisfied: ipywidgets>=7.0.0 in /anaconda3/envs/demo_dash_env/lib/python3.9/site-packages (from pydeck>=0.1.dev5->streamlit==0.81.0->-r requirements.txt (line 27)) (7.6.3)
2021-05-11T20:11:11,018 Requirement already satisfied: traitlets>=4.3.2 in /anaconda3/envs/demo_dash_env/lib/python3.9/site-packages (from pydeck>=0.1.dev5->streamlit==0.81.0->-r requirements.txt (line 27)) (5.0.5)
2021-05-11T20:11:11,021 Requirement already satisfied: ipykernel>=5.1.2 in /anaconda3/envs/demo_dash_env/lib/python3.9/site-packages (from pydeck>=0.1.dev5->streamlit==0.81.0->-r requirements.txt (line 27)) (5.5.4)
2021-05-11T20:11:11,059 Requirement already satisfied: jupyter-client in /anaconda3/envs/demo_dash_env/lib/python3.9/site-packages (from ipykernel>=5.1.2->pydeck>=0.1.dev5->streamlit==0.81.0->-r requirements.txt (line 27)) (6.1.12)
2021-05-11T20:11:11,061 Requirement already satisfied: appnope in /anaconda3/envs/demo_dash_env/lib/python3.9/site-packages (from ipykernel>=5.1.2->pydeck>=0.1.dev5->streamlit==0.81.0->-r requirements.txt (line 27)) (0.1.2)
2021-05-11T20:11:11,063 Requirement already satisfied: ipython>=5.0.0 in /anaconda3/envs/demo_dash_env/lib/python3.9/site-packages (from ipykernel>=5.1.2->pydeck>=0.1.dev5->streamlit==0.81.0->-r requirements.txt (line 27)) (7.23.1)
2021-05-11T20:11:11,170 Requirement already satisfied: decorator in /anaconda3/envs/demo_dash_env/lib/python3.9/site-packages (from ipython>=5.0.0->ipykernel>=5.1.2->pydeck>=0.1.dev5->streamlit==0.81.0->-r requirements.txt (line 27)) (5.0.7)
2021-05-11T20:11:11,172 Requirement already satisfied: pygments in /anaconda3/envs/demo_dash_env/lib/python3.9/site-packages (from ipython>=5.0.0->ipykernel>=5.1.2->pydeck>=0.1.dev5->streamlit==0.81.0->-r requirements.txt (line 27)) (2.9.0)
2021-05-11T20:11:11,175 Requirement already satisfied: matplotlib-inline in /anaconda3/envs/demo_dash_env/lib/python3.9/site-packages (from ipython>=5.0.0->ipykernel>=5.1.2->pydeck>=0.1.dev5->streamlit==0.81.0->-r requirements.txt (line 27)) (0.1.2)
2021-05-11T20:11:11,179 Requirement already satisfied: prompt-toolkit!=3.0.0,!=3.0.1,<3.1.0,>=2.0.0 in /anaconda3/envs/demo_dash_env/lib/python3.9/site-packages (from ipython>=5.0.0->ipykernel>=5.1.2->pydeck>=0.1.dev5->streamlit==0.81.0->-r requirements.txt (line 27)) (3.0.18)
2021-05-11T20:11:11,183 Requirement already satisfied: jedi>=0.16 in /anaconda3/envs/demo_dash_env/lib/python3.9/site-packages (from ipython>=5.0.0->ipykernel>=5.1.2->pydeck>=0.1.dev5->streamlit==0.81.0->-r requirements.txt (line 27)) (0.18.0)
2021-05-11T20:11:11,217 Requirement already satisfied: pexpect>4.3 in /anaconda3/envs/demo_dash_env/lib/python3.9/site-packages (from ipython>=5.0.0->ipykernel>=5.1.2->pydeck>=0.1.dev5->streamlit==0.81.0->-r requirements.txt (line 27)) (4.8.0)
2021-05-11T20:11:11,218 Requirement already satisfied: backcall in /anaconda3/envs/demo_dash_env/lib/python3.9/site-packages (from ipython>=5.0.0->ipykernel>=5.1.2->pydeck>=0.1.dev5->streamlit==0.81.0->-r requirements.txt (line 27)) (0.2.0)
2021-05-11T20:11:11,220 Requirement already satisfied: pickleshare in /anaconda3/envs/demo_dash_env/lib/python3.9/site-packages (from ipython>=5.0.0->ipykernel>=5.1.2->pydeck>=0.1.dev5->streamlit==0.81.0->-r requirements.txt (line 27)) (0.7.5)
2021-05-11T20:11:11,263 Requirement already satisfied: widgetsnbextension~=3.5.0 in /anaconda3/envs/demo_dash_env/lib/python3.9/site-packages (from ipywidgets>=7.0.0->pydeck>=0.1.dev5->streamlit==0.81.0->-r requirements.txt (line 27)) (3.5.1)
2021-05-11T20:11:11,266 Requirement already satisfied: jupyterlab-widgets>=1.0.0 in /anaconda3/envs/demo_dash_env/lib/python3.9/site-packages (from ipywidgets>=7.0.0->pydeck>=0.1.dev5->streamlit==0.81.0->-r requirements.txt (line 27)) (1.0.0)
2021-05-11T20:11:11,268 Requirement already satisfied: nbformat>=4.2.0 in /anaconda3/envs/demo_dash_env/lib/python3.9/site-packages (from ipywidgets>=7.0.0->pydeck>=0.1.dev5->streamlit==0.81.0->-r requirements.txt (line 27)) (5.1.3)
2021-05-11T20:11:11,302 Requirement already satisfied: parso<0.9.0,>=0.8.0 in /anaconda3/envs/demo_dash_env/lib/python3.9/site-packages (from jedi>=0.16->ipython>=5.0.0->ipykernel>=5.1.2->pydeck>=0.1.dev5->streamlit==0.81.0->-r requirements.txt (line 27)) (0.8.2)
2021-05-11T20:11:11,378 Requirement already satisfied: ipython-genutils in /anaconda3/envs/demo_dash_env/lib/python3.9/site-packages (from nbformat>=4.2.0->ipywidgets>=7.0.0->pydeck>=0.1.dev5->streamlit==0.81.0->-r requirements.txt (line 27)) (0.2.0)
2021-05-11T20:11:11,380 Requirement already satisfied: jupyter-core in /anaconda3/envs/demo_dash_env/lib/python3.9/site-packages (from nbformat>=4.2.0->ipywidgets>=7.0.0->pydeck>=0.1.dev5->streamlit==0.81.0->-r requirements.txt (line 27)) (4.7.1)
2021-05-11T20:11:11,431 Requirement already satisfied: pyrsistent>=0.14.0 in /anaconda3/envs/demo_dash_env/lib/python3.9/site-packages (from jsonschema->altair>=3.2.0->streamlit==0.81.0->-r requirements.txt (line 27)) (0.17.3)
2021-05-11T20:11:11,468 Requirement already satisfied: ptyprocess>=0.5 in /anaconda3/envs/demo_dash_env/lib/python3.9/site-packages (from pexpect>4.3->ipython>=5.0.0->ipykernel>=5.1.2->pydeck>=0.1.dev5->streamlit==0.81.0->-r requirements.txt (line 27)) (0.7.0)
2021-05-11T20:11:11,492 Requirement already satisfied: wcwidth in /anaconda3/envs/demo_dash_env/lib/python3.9/site-packages (from prompt-toolkit!=3.0.0,!=3.0.1,<3.1.0,>=2.0.0->ipython>=5.0.0->ipykernel>=5.1.2->pydeck>=0.1.dev5->streamlit==0.81.0->-r requirements.txt (line 27)) (0.2.5)
2021-05-11T20:11:11,598 Requirement already satisfied: pbr!=2.1.0,>=2.0.0 in /anaconda3/envs/demo_dash_env/lib/python3.9/site-packages (from stevedore>=1.20.0->bandit==1.7.0->-r requirements-dev.txt (line 2)) (5.6.0)
2021-05-11T20:11:11,660 Requirement already satisfied: notebook>=4.4.1 in /anaconda3/envs/demo_dash_env/lib/python3.9/site-packages (from widgetsnbextension~=3.5.0->ipywidgets>=7.0.0->pydeck>=0.1.dev5->streamlit==0.81.0->-r requirements.txt (line 27)) (6.3.0)
2021-05-11T20:11:11,736 Requirement already satisfied: argon2-cffi in /anaconda3/envs/demo_dash_env/lib/python3.9/site-packages (from notebook>=4.4.1->widgetsnbextension~=3.5.0->ipywidgets>=7.0.0->pydeck>=0.1.dev5->streamlit==0.81.0->-r requirements.txt (line 27)) (20.1.0)
2021-05-11T20:11:11,738 Requirement already satisfied: nbconvert in /anaconda3/envs/demo_dash_env/lib/python3.9/site-packages (from notebook>=4.4.1->widgetsnbextension~=3.5.0->ipywidgets>=7.0.0->pydeck>=0.1.dev5->streamlit==0.81.0->-r requirements.txt (line 27)) (6.0.7)
2021-05-11T20:11:11,741 Requirement already satisfied: Send2Trash>=1.5.0 in /anaconda3/envs/demo_dash_env/lib/python3.9/site-packages (from notebook>=4.4.1->widgetsnbextension~=3.5.0->ipywidgets>=7.0.0->pydeck>=0.1.dev5->streamlit==0.81.0->-r requirements.txt (line 27)) (1.5.0)
2021-05-11T20:11:11,743 Requirement already satisfied: prometheus-client in /anaconda3/envs/demo_dash_env/lib/python3.9/site-packages (from notebook>=4.4.1->widgetsnbextension~=3.5.0->ipywidgets>=7.0.0->pydeck>=0.1.dev5->streamlit==0.81.0->-r requirements.txt (line 27)) (0.10.1)
2021-05-11T20:11:11,745 Requirement already satisfied: terminado>=0.8.3 in /anaconda3/envs/demo_dash_env/lib/python3.9/site-packages (from notebook>=4.4.1->widgetsnbextension~=3.5.0->ipywidgets>=7.0.0->pydeck>=0.1.dev5->streamlit==0.81.0->-r requirements.txt (line 27)) (0.9.5)
2021-05-11T20:11:11,748 Requirement already satisfied: pyzmq>=17 in /anaconda3/envs/demo_dash_env/lib/python3.9/site-packages (from notebook>=4.4.1->widgetsnbextension~=3.5.0->ipywidgets>=7.0.0->pydeck>=0.1.dev5->streamlit==0.81.0->-r requirements.txt (line 27)) (22.0.3)
2021-05-11T20:11:11,996 Requirement already satisfied: cffi>=1.0.0 in /anaconda3/envs/demo_dash_env/lib/python3.9/site-packages (from argon2-cffi->notebook>=4.4.1->widgetsnbextension~=3.5.0->ipywidgets>=7.0.0->pydeck>=0.1.dev5->streamlit==0.81.0->-r requirements.txt (line 27)) (1.14.5)
2021-05-11T20:11:12,007 Requirement already satisfied: pycparser in /anaconda3/envs/demo_dash_env/lib/python3.9/site-packages (from cffi>=1.0.0->argon2-cffi->notebook>=4.4.1->widgetsnbextension~=3.5.0->ipywidgets>=7.0.0->pydeck>=0.1.dev5->streamlit==0.81.0->-r requirements.txt (line 27)) (2.20)
2021-05-11T20:11:12,211 Requirement already satisfied: bleach in /anaconda3/envs/demo_dash_env/lib/python3.9/site-packages (from nbconvert->notebook>=4.4.1->widgetsnbextension~=3.5.0->ipywidgets>=7.0.0->pydeck>=0.1.dev5->streamlit==0.81.0->-r requirements.txt (line 27)) (3.3.0)
2021-05-11T20:11:12,213 Requirement already satisfied: pandocfilters>=1.4.1 in /anaconda3/envs/demo_dash_env/lib/python3.9/site-packages (from nbconvert->notebook>=4.4.1->widgetsnbextension~=3.5.0->ipywidgets>=7.0.0->pydeck>=0.1.dev5->streamlit==0.81.0->-r requirements.txt (line 27)) (1.4.3)
2021-05-11T20:11:12,215 Requirement already satisfied: nbclient<0.6.0,>=0.5.0 in /anaconda3/envs/demo_dash_env/lib/python3.9/site-packages (from nbconvert->notebook>=4.4.1->widgetsnbextension~=3.5.0->ipywidgets>=7.0.0->pydeck>=0.1.dev5->streamlit==0.81.0->-r requirements.txt (line 27)) (0.5.3)
2021-05-11T20:11:12,216 Requirement already satisfied: mistune<2,>=0.8.1 in /anaconda3/envs/demo_dash_env/lib/python3.9/site-packages (from nbconvert->notebook>=4.4.1->widgetsnbextension~=3.5.0->ipywidgets>=7.0.0->pydeck>=0.1.dev5->streamlit==0.81.0->-r requirements.txt (line 27)) (0.8.4)
2021-05-11T20:11:12,217 Requirement already satisfied: testpath in /anaconda3/envs/demo_dash_env/lib/python3.9/site-packages (from nbconvert->notebook>=4.4.1->widgetsnbextension~=3.5.0->ipywidgets>=7.0.0->pydeck>=0.1.dev5->streamlit==0.81.0->-r requirements.txt (line 27)) (0.4.4)
2021-05-11T20:11:12,219 Requirement already satisfied: defusedxml in /anaconda3/envs/demo_dash_env/lib/python3.9/site-packages (from nbconvert->notebook>=4.4.1->widgetsnbextension~=3.5.0->ipywidgets>=7.0.0->pydeck>=0.1.dev5->streamlit==0.81.0->-r requirements.txt (line 27)) (0.7.1)
2021-05-11T20:11:12,221 Requirement already satisfied: jupyterlab-pygments in /anaconda3/envs/demo_dash_env/lib/python3.9/site-packages (from nbconvert->notebook>=4.4.1->widgetsnbextension~=3.5.0->ipywidgets>=7.0.0->pydeck>=0.1.dev5->streamlit==0.81.0->-r requirements.txt (line 27)) (0.1.2)
2021-05-11T20:11:12,339 Requirement already satisfied: async-generator in /anaconda3/envs/demo_dash_env/lib/python3.9/site-packages (from nbclient<0.6.0,>=0.5.0->nbconvert->notebook>=4.4.1->widgetsnbextension~=3.5.0->ipywidgets>=7.0.0->pydeck>=0.1.dev5->streamlit==0.81.0->-r requirements.txt (line 27)) (1.10)
2021-05-11T20:11:12,341 Requirement already satisfied: nest-asyncio in /anaconda3/envs/demo_dash_env/lib/python3.9/site-packages (from nbclient<0.6.0,>=0.5.0->nbconvert->notebook>=4.4.1->widgetsnbextension~=3.5.0->ipywidgets>=7.0.0->pydeck>=0.1.dev5->streamlit==0.81.0->-r requirements.txt (line 27)) (1.5.1)
2021-05-11T20:11:12,414 Requirement already satisfied: webencodings in /anaconda3/envs/demo_dash_env/lib/python3.9/site-packages (from bleach->nbconvert->notebook>=4.4.1->widgetsnbextension~=3.5.0->ipywidgets>=7.0.0->pydeck>=0.1.dev5->streamlit==0.81.0->-r requirements.txt (line 27)) (0.5.1)
2021-05-11T20:11:12,606 Created temporary directory: /private/var/folders/w4/z14px6ds5tzb4k51rd95l1s00000gn/T/pip-unpack-0dx_88c1
2021-05-11T20:11:12,710 Removed build tracker: '/private/var/folders/w4/z14px6ds5tzb4k51rd95l1s00000gn/T/pip-req-tracker-8_jcxmib'
2021-05-11T20:24:09,801 Using pip 21.0.1 from /anaconda3/envs/demo_dash_env/lib/python3.9/site-packages/pip (python 3.9)
2021-05-11T20:24:09,804 Non-user install because site-packages writeable
2021-05-11T20:24:09,831 Created temporary directory: /private/var/folders/w4/z14px6ds5tzb4k51rd95l1s00000gn/T/pip-ephem-wheel-cache-mq0h9u4w
2021-05-11T20:24:09,831 Created temporary directory: /private/var/folders/w4/z14px6ds5tzb4k51rd95l1s00000gn/T/pip-req-tracker-ktr6gl7c
2021-05-11T20:24:09,831 Initialized build tracking at /private/var/folders/w4/z14px6ds5tzb4k51rd95l1s00000gn/T/pip-req-tracker-ktr6gl7c
2021-05-11T20:24:09,831 Created build tracker: /private/var/folders/w4/z14px6ds5tzb4k51rd95l1s00000gn/T/pip-req-tracker-ktr6gl7c
2021-05-11T20:24:09,831 Entered build tracker: /private/var/folders/w4/z14px6ds5tzb4k51rd95l1s00000gn/T/pip-req-tracker-ktr6gl7c
2021-05-11T20:24:09,832 Created temporary directory: /private/var/folders/w4/z14px6ds5tzb4k51rd95l1s00000gn/T/pip-install-irzhr8ds
2021-05-11T20:24:09,894 Requirement already satisfied: appdirs==1.4.4 in /anaconda3/envs/demo_dash_env/lib/python3.9/site-packages (from -r requirements.txt (line 1)) (1.4.4)
2021-05-11T20:24:09,896 Requirement already satisfied: attrs==20.3.0 in /anaconda3/envs/demo_dash_env/lib/python3.9/site-packages (from -r requirements.txt (line 2)) (20.3.0)
2021-05-11T20:24:09,897 Requirement already satisfied: certifi==2020.12.5 in /anaconda3/envs/demo_dash_env/lib/python3.9/site-packages (from -r requirements.txt (line 3)) (2020.12.5)
2021-05-11T20:24:09,898 Requirement already satisfied: chardet==4.0.0 in /anaconda3/envs/demo_dash_env/lib/python3.9/site-packages (from -r requirements.txt (line 4)) (4.0.0)
2021-05-11T20:24:09,899 Requirement already satisfied: click==7.1.2 in /anaconda3/envs/demo_dash_env/lib/python3.9/site-packages (from -r requirements.txt (line 5)) (7.1.2)
2021-05-11T20:24:09,900 Requirement already satisfied: fastcore==1.3.19 in /anaconda3/envs/demo_dash_env/lib/python3.9/site-packages (from -r requirements.txt (line 6)) (1.3.19)
2021-05-11T20:24:09,901 Requirement already satisfied: idna==2.10 in /anaconda3/envs/demo_dash_env/lib/python3.9/site-packages (from -r requirements.txt (line 7)) (2.10)
2021-05-11T20:24:09,902 Requirement already satisfied: iniconfig==1.1.1 in /anaconda3/envs/demo_dash_env/lib/python3.9/site-packages (from -r requirements.txt (line 8)) (1.1.1)
2021-05-11T20:24:09,903 Requirement already satisfied: marshmallow==3.11.1 in /anaconda3/envs/demo_dash_env/lib/python3.9/site-packages (from -r requirements.txt (line 9)) (3.11.1)
2021-05-11T20:24:09,904 Requirement already satisfied: marshmallow-dataclass==8.4.1 in /anaconda3/envs/demo_dash_env/lib/python3.9/site-packages (from -r requirements.txt (line 10)) (8.4.1)
2021-05-11T20:24:09,905 Requirement already satisfied: matplotlib==3.4.1 in /anaconda3/envs/demo_dash_env/lib/python3.9/site-packages (from -r requirements.txt (line 11)) (3.4.1)
2021-05-11T20:24:09,905 Requirement already satisfied: mypy-extensions==0.4.3 in /anaconda3/envs/demo_dash_env/lib/python3.9/site-packages (from -r requirements.txt (line 12)) (0.4.3)
2021-05-11T20:24:09,906 Requirement already satisfied: numpy==1.20.1 in /anaconda3/envs/demo_dash_env/lib/python3.9/site-packages (from -r requirements.txt (line 13)) (1.20.1)
2021-05-11T20:24:09,907 Requirement already satisfied: packaging==20.9 in /anaconda3/envs/demo_dash_env/lib/python3.9/site-packages (from -r requirements.txt (line 14)) (20.9)
2021-05-11T20:24:09,908 Requirement already satisfied: pandas==1.2.2 in /anaconda3/envs/demo_dash_env/lib/python3.9/site-packages (from -r requirements.txt (line 15)) (1.2.2)
2021-05-11T20:24:09,909 Requirement already satisfied: pathspec==0.8.1 in /anaconda3/envs/demo_dash_env/lib/python3.9/site-packages (from -r requirements.txt (line 16)) (0.8.1)
2021-05-11T20:24:09,910 Requirement already satisfied: pillow==8.2.0 in /anaconda3/envs/demo_dash_env/lib/python3.9/site-packages (from -r requirements.txt (line 17)) (8.2.0)
2021-05-11T20:24:09,911 Requirement already satisfied: pluggy==0.13.1 in /anaconda3/envs/demo_dash_env/lib/python3.9/site-packages (from -r requirements.txt (line 18)) (0.13.1)
2021-05-11T20:24:09,912 Requirement already satisfied: py==1.10.0 in /anaconda3/envs/demo_dash_env/lib/python3.9/site-packages (from -r requirements.txt (line 19)) (1.10.0)
2021-05-11T20:24:09,913 Requirement already satisfied: pyparsing==2.4.7 in /anaconda3/envs/demo_dash_env/lib/python3.9/site-packages (from -r requirements.txt (line 20)) (2.4.7)
2021-05-11T20:24:09,914 Requirement already satisfied: python-dateutil==2.8.1 in /anaconda3/envs/demo_dash_env/lib/python3.9/site-packages (from -r requirements.txt (line 21)) (2.8.1)
2021-05-11T20:24:09,915 Requirement already satisfied: pytz==2021.1 in /anaconda3/envs/demo_dash_env/lib/python3.9/site-packages (from -r requirements.txt (line 22)) (2021.1)
2021-05-11T20:24:09,917 Requirement already satisfied: regex==2020.11.13 in /anaconda3/envs/demo_dash_env/lib/python3.9/site-packages (from -r requirements.txt (line 23)) (2020.11.13)
2021-05-11T20:24:09,918 Requirement already satisfied: requests==2.25.1 in /anaconda3/envs/demo_dash_env/lib/python3.9/site-packages (from -r requirements.txt (line 24)) (2.25.1)
2021-05-11T20:24:09,919 Requirement already satisfied: seaborn==0.11.1 in /anaconda3/envs/demo_dash_env/lib/python3.9/site-packages (from -r requirements.txt (line 25)) (0.11.1)
2021-05-11T20:24:09,920 Requirement already satisfied: six==1.15.0 in /anaconda3/envs/demo_dash_env/lib/python3.9/site-packages (from -r requirements.txt (line 26)) (1.15.0)
2021-05-11T20:24:09,922 Requirement already satisfied: streamlit==0.81.0 in /anaconda3/envs/demo_dash_env/lib/python3.9/site-packages (from -r requirements.txt (line 27)) (0.81.0)
2021-05-11T20:24:09,923 Requirement already satisfied: toml==0.10.2 in /anaconda3/envs/demo_dash_env/lib/python3.9/site-packages (from -r requirements.txt (line 28)) (0.10.2)
2021-05-11T20:24:09,925 Requirement already satisfied: typed-ast==1.4.2 in /anaconda3/envs/demo_dash_env/lib/python3.9/site-packages (from -r requirements.txt (line 29)) (1.4.2)
2021-05-11T20:24:09,926 Requirement already satisfied: typing-extensions==3.7.4.3 in /anaconda3/envs/demo_dash_env/lib/python3.9/site-packages (from -r requirements.txt (line 30)) (3.7.4.3)
2021-05-11T20:24:09,928 Requirement already satisfied: urllib3==1.26.4 in /anaconda3/envs/demo_dash_env/lib/python3.9/site-packages (from -r requirements.txt (line 31)) (1.26.4)
2021-05-11T20:24:09,930 Requirement already satisfied: bandit==1.7.0 in /anaconda3/envs/demo_dash_env/lib/python3.9/site-packages (from -r requirements-dev.txt (line 2)) (1.7.0)
2021-05-11T20:24:09,931 Requirement already satisfied: black==20.8b1 in /anaconda3/envs/demo_dash_env/lib/python3.9/site-packages (from -r requirements-dev.txt (line 3)) (20.8b1)
2021-05-11T20:24:09,932 Requirement already satisfied: coverage==5.4 in /anaconda3/envs/demo_dash_env/lib/python3.9/site-packages (from -r requirements-dev.txt (line 4)) (5.4)
2021-05-11T20:24:09,933 Requirement already satisfied: doit==0.33.1 in /anaconda3/envs/demo_dash_env/lib/python3.9/site-packages (from -r requirements-dev.txt (line 5)) (0.33.1)
2021-05-11T20:24:09,934 Requirement already satisfied: flake8==3.8.4 in /anaconda3/envs/demo_dash_env/lib/python3.9/site-packages (from -r requirements-dev.txt (line 6)) (3.8.4)
2021-05-11T20:24:09,936 Requirement already satisfied: flake8-import-order==0.18.1 in /anaconda3/envs/demo_dash_env/lib/python3.9/site-packages (from -r requirements-dev.txt (line 7)) (0.18.1)
2021-05-11T20:24:09,937 Requirement already satisfied: mypy==0.812 in /anaconda3/envs/demo_dash_env/lib/python3.9/site-packages (from -r requirements-dev.txt (line 8)) (0.812)
2021-05-11T20:24:09,938 Requirement already satisfied: pep8==1.7.1 in /anaconda3/envs/demo_dash_env/lib/python3.9/site-packages (from -r requirements-dev.txt (line 9)) (1.7.1)
2021-05-11T20:24:09,939 Requirement already satisfied: pep8-naming==0.11.1 in /anaconda3/envs/demo_dash_env/lib/python3.9/site-packages (from -r requirements-dev.txt (line 10)) (0.11.1)
2021-05-11T20:24:09,940 Requirement already satisfied: pydocstyle==5.1.1 in /anaconda3/envs/demo_dash_env/lib/python3.9/site-packages (from -r requirements-dev.txt (line 11)) (5.1.1)
2021-05-11T20:24:09,942 Requirement already satisfied: pylint==2.7.2 in /anaconda3/envs/demo_dash_env/lib/python3.9/site-packages (from -r requirements-dev.txt (line 12)) (2.7.2)
2021-05-11T20:24:09,943 Requirement already satisfied: pylint-gitlab==0.2.0 in /anaconda3/envs/demo_dash_env/lib/python3.9/site-packages (from -r requirements-dev.txt (line 13)) (0.2.0)
2021-05-11T20:24:09,944 Requirement already satisfied: pytest==6.2.2 in /anaconda3/envs/demo_dash_env/lib/python3.9/site-packages (from -r requirements-dev.txt (line 14)) (6.2.2)
2021-05-11T20:24:09,945 Requirement already satisfied: py2puml==0.4.0 in /anaconda3/envs/demo_dash_env/lib/python3.9/site-packages (from -r requirements-dev.txt (line 15)) (0.4.0)
2021-05-11T20:24:09,997 Requirement already satisfied: GitPython>=1.0.1 in /anaconda3/envs/demo_dash_env/lib/python3.9/site-packages (from bandit==1.7.0->-r requirements-dev.txt (line 2)) (3.1.14)
2021-05-11T20:24:09,998 Requirement already satisfied: stevedore>=1.20.0 in /anaconda3/envs/demo_dash_env/lib/python3.9/site-packages (from bandit==1.7.0->-r requirements-dev.txt (line 2)) (3.3.0)
2021-05-11T20:24:09,999 Requirement already satisfied: PyYAML>=5.3.1 in /anaconda3/envs/demo_dash_env/lib/python3.9/site-packages (from bandit==1.7.0->-r requirements-dev.txt (line 2)) (5.4.1)
2021-05-11T20:24:10,028 Requirement already satisfied: cloudpickle in /anaconda3/envs/demo_dash_env/lib/python3.9/site-packages (from doit==0.33.1->-r requirements-dev.txt (line 5)) (1.6.0)
2021-05-11T20:24:10,030 Requirement already satisfied: macfsevents in /anaconda3/envs/demo_dash_env/lib/python3.9/site-packages (from doit==0.33.1->-r requirements-dev.txt (line 5)) (0.8.1)
2021-05-11T20:24:10,041 Requirement already satisfied: pip in /anaconda3/envs/demo_dash_env/lib/python3.9/site-packages (from fastcore==1.3.19->-r requirements.txt (line 6)) (21.0.1)
2021-05-11T20:24:10,052 Requirement already satisfied: pycodestyle<2.7.0,>=2.6.0a1 in /anaconda3/envs/demo_dash_env/lib/python3.9/site-packages (from flake8==3.8.4->-r requirements-dev.txt (line 6)) (2.6.0)
2021-05-11T20:24:10,053 Requirement already satisfied: pyflakes<2.3.0,>=2.2.0 in /anaconda3/envs/demo_dash_env/lib/python3.9/site-packages (from flake8==3.8.4->-r requirements-dev.txt (line 6)) (2.2.0)
2021-05-11T20:24:10,054 Requirement already satisfied: mccabe<0.7.0,>=0.6.0 in /anaconda3/envs/demo_dash_env/lib/python3.9/site-packages (from flake8==3.8.4->-r requirements-dev.txt (line 6)) (0.6.1)
2021-05-11T20:24:10,059 Requirement already satisfied: setuptools in /anaconda3/envs/demo_dash_env/lib/python3.9/site-packages (from flake8-import-order==0.18.1->-r requirements-dev.txt (line 7)) (52.0.0.post20210125)
2021-05-11T20:24:10,125 Requirement already satisfied: typing-inspect in /anaconda3/envs/demo_dash_env/lib/python3.9/site-packages (from marshmallow-dataclass==8.4.1->-r requirements.txt (line 10)) (0.6.0)
2021-05-11T20:24:10,135 Requirement already satisfied: kiwisolver>=1.0.1 in /anaconda3/envs/demo_dash_env/lib/python3.9/site-packages (from matplotlib==3.4.1->-r requirements.txt (line 11)) (1.3.1)
2021-05-11T20:24:10,136 Requirement already satisfied: cycler>=0.10 in /anaconda3/envs/demo_dash_env/lib/python3.9/site-packages (from matplotlib==3.4.1->-r requirements.txt (line 11)) (0.10.0)
2021-05-11T20:24:10,179 Requirement already satisfied: flake8-polyfill<2,>=1.0.2 in /anaconda3/envs/demo_dash_env/lib/python3.9/site-packages (from pep8-naming==0.11.1->-r requirements-dev.txt (line 10)) (1.0.2)
2021-05-11T20:24:10,204 Requirement already satisfied: snowballstemmer in /anaconda3/envs/demo_dash_env/lib/python3.9/site-packages (from pydocstyle==5.1.1->-r requirements-dev.txt (line 11)) (2.1.0)
2021-05-11T20:24:10,222 Requirement already satisfied: isort<6,>=4.2.5 in /anaconda3/envs/demo_dash_env/lib/python3.9/site-packages (from pylint==2.7.2->-r requirements-dev.txt (line 12)) (5.8.0)
2021-05-11T20:24:10,224 Requirement already satisfied: astroid<2.6,>=2.5.1 in /anaconda3/envs/demo_dash_env/lib/python3.9/site-packages (from pylint==2.7.2->-r requirements-dev.txt (line 12)) (2.5.6)
2021-05-11T20:24:10,239 Requirement already satisfied: lazy-object-proxy in /anaconda3/envs/demo_dash_env/lib/python3.9/site-packages (from pylint-gitlab==0.2.0->-r requirements-dev.txt (line 13)) (1.6.0)
2021-05-11T20:24:10,240 Requirement already satisfied: importlib-metadata in /anaconda3/envs/demo_dash_env/lib/python3.9/site-packages (from pylint-gitlab==0.2.0->-r requirements-dev.txt (line 13)) (4.0.1)
2021-05-11T20:24:10,242 Requirement already satisfied: jinja2 in /anaconda3/envs/demo_dash_env/lib/python3.9/site-packages (from pylint-gitlab==0.2.0->-r requirements-dev.txt (line 13)) (3.0.0)
2021-05-11T20:24:10,243 Requirement already satisfied: anybadge in /anaconda3/envs/demo_dash_env/lib/python3.9/site-packages (from pylint-gitlab==0.2.0->-r requirements-dev.txt (line 13)) (1.7.0)
2021-05-11T20:24:10,244 Requirement already satisfied: wrapt in /anaconda3/envs/demo_dash_env/lib/python3.9/site-packages (from pylint-gitlab==0.2.0->-r requirements-dev.txt (line 13)) (1.12.1)
2021-05-11T20:24:10,244 Requirement already satisfied: markupsafe in /anaconda3/envs/demo_dash_env/lib/python3.9/site-packages (from pylint-gitlab==0.2.0->-r requirements-dev.txt (line 13)) (2.0.0)
2021-05-11T20:24:10,247 Requirement already satisfied: zipp in /anaconda3/envs/demo_dash_env/lib/python3.9/site-packages (from pylint-gitlab==0.2.0->-r requirements-dev.txt (line 13)) (3.4.1)
2021-05-11T20:24:10,310 Requirement already satisfied: scipy>=1.0 in /anaconda3/envs/demo_dash_env/lib/python3.9/site-packages (from seaborn==0.11.1->-r requirements.txt (line 25)) (1.6.3)
2021-05-11T20:24:10,338 Requirement already satisfied: astor in /anaconda3/envs/demo_dash_env/lib/python3.9/site-packages (from streamlit==0.81.0->-r requirements.txt (line 27)) (0.8.1)
2021-05-11T20:24:10,339 Requirement already satisfied: tzlocal in /anaconda3/envs/demo_dash_env/lib/python3.9/site-packages (from streamlit==0.81.0->-r requirements.txt (line 27)) (2.1)
2021-05-11T20:24:10,341 Requirement already satisfied: altair>=3.2.0 in /anaconda3/envs/demo_dash_env/lib/python3.9/site-packages (from streamlit==0.81.0->-r requirements.txt (line 27)) (4.1.0)
2021-05-11T20:24:10,342 Requirement already satisfied: blinker in /anaconda3/envs/demo_dash_env/lib/python3.9/site-packages (from streamlit==0.81.0->-r requirements.txt (line 27)) (1.4)
2021-05-11T20:24:10,343 Requirement already satisfied: tornado>=5.0 in /anaconda3/envs/demo_dash_env/lib/python3.9/site-packages (from streamlit==0.81.0->-r requirements.txt (line 27)) (6.1)
2021-05-11T20:24:10,344 Requirement already satisfied: protobuf!=3.11,>=3.6.0 in /anaconda3/envs/demo_dash_env/lib/python3.9/site-packages (from streamlit==0.81.0->-r requirements.txt (line 27)) (3.16.0)
2021-05-11T20:24:10,345 Requirement already satisfied: pydeck>=0.1.dev5 in /anaconda3/envs/demo_dash_env/lib/python3.9/site-packages (from streamlit==0.81.0->-r requirements.txt (line 27)) (0.6.2)
2021-05-11T20:24:10,347 Requirement already satisfied: base58 in /anaconda3/envs/demo_dash_env/lib/python3.9/site-packages (from streamlit==0.81.0->-r requirements.txt (line 27)) (2.1.0)
2021-05-11T20:24:10,348 Requirement already satisfied: validators in /anaconda3/envs/demo_dash_env/lib/python3.9/site-packages (from streamlit==0.81.0->-r requirements.txt (line 27)) (0.18.2)
2021-05-11T20:24:10,349 Requirement already satisfied: cachetools>=4.0 in /anaconda3/envs/demo_dash_env/lib/python3.9/site-packages (from streamlit==0.81.0->-r requirements.txt (line 27)) (4.2.2)
2021-05-11T20:24:10,400 Requirement already satisfied: toolz in /anaconda3/envs/demo_dash_env/lib/python3.9/site-packages (from altair>=3.2.0->streamlit==0.81.0->-r requirements.txt (line 27)) (0.11.1)
2021-05-11T20:24:10,401 Requirement already satisfied: entrypoints in /anaconda3/envs/demo_dash_env/lib/python3.9/site-packages (from altair>=3.2.0->streamlit==0.81.0->-r requirements.txt (line 27)) (0.3)
2021-05-11T20:24:10,402 Requirement already satisfied: jsonschema in /anaconda3/envs/demo_dash_env/lib/python3.9/site-packages (from altair>=3.2.0->streamlit==0.81.0->-r requirements.txt (line 27)) (3.2.0)
2021-05-11T20:24:10,446 Requirement already satisfied: gitdb<5,>=4.0.1 in /anaconda3/envs/demo_dash_env/lib/python3.9/site-packages (from GitPython>=1.0.1->bandit==1.7.0->-r requirements-dev.txt (line 2)) (4.0.7)
2021-05-11T20:24:10,454 Requirement already satisfied: smmap<5,>=3.0.1 in /anaconda3/envs/demo_dash_env/lib/python3.9/site-packages (from gitdb<5,>=4.0.1->GitPython>=1.0.1->bandit==1.7.0->-r requirements-dev.txt (line 2)) (4.0.0)
2021-05-11T20:24:10,507 Requirement already satisfied: ipywidgets>=7.0.0 in /anaconda3/envs/demo_dash_env/lib/python3.9/site-packages (from pydeck>=0.1.dev5->streamlit==0.81.0->-r requirements.txt (line 27)) (7.6.3)
2021-05-11T20:24:10,508 Requirement already satisfied: ipykernel>=5.1.2 in /anaconda3/envs/demo_dash_env/lib/python3.9/site-packages (from pydeck>=0.1.dev5->streamlit==0.81.0->-r requirements.txt (line 27)) (5.5.4)
2021-05-11T20:24:10,509 Requirement already satisfied: traitlets>=4.3.2 in /anaconda3/envs/demo_dash_env/lib/python3.9/site-packages (from pydeck>=0.1.dev5->streamlit==0.81.0->-r requirements.txt (line 27)) (5.0.5)
2021-05-11T20:24:10,526 Requirement already satisfied: appnope in /anaconda3/envs/demo_dash_env/lib/python3.9/site-packages (from ipykernel>=5.1.2->pydeck>=0.1.dev5->streamlit==0.81.0->-r requirements.txt (line 27)) (0.1.2)
2021-05-11T20:24:10,528 Requirement already satisfied: ipython>=5.0.0 in /anaconda3/envs/demo_dash_env/lib/python3.9/site-packages (from ipykernel>=5.1.2->pydeck>=0.1.dev5->streamlit==0.81.0->-r requirements.txt (line 27)) (7.23.1)
2021-05-11T20:24:10,529 Requirement already satisfied: jupyter-client in /anaconda3/envs/demo_dash_env/lib/python3.9/site-packages (from ipykernel>=5.1.2->pydeck>=0.1.dev5->streamlit==0.81.0->-r requirements.txt (line 27)) (6.1.12)
2021-05-11T20:24:10,581 Requirement already satisfied: backcall in /anaconda3/envs/demo_dash_env/lib/python3.9/site-packages (from ipython>=5.0.0->ipykernel>=5.1.2->pydeck>=0.1.dev5->streamlit==0.81.0->-r requirements.txt (line 27)) (0.2.0)
2021-05-11T20:24:10,583 Requirement already satisfied: pexpect>4.3 in /anaconda3/envs/demo_dash_env/lib/python3.9/site-packages (from ipython>=5.0.0->ipykernel>=5.1.2->pydeck>=0.1.dev5->streamlit==0.81.0->-r requirements.txt (line 27)) (4.8.0)
2021-05-11T20:24:10,584 Requirement already satisfied: pickleshare in /anaconda3/envs/demo_dash_env/lib/python3.9/site-packages (from ipython>=5.0.0->ipykernel>=5.1.2->pydeck>=0.1.dev5->streamlit==0.81.0->-r requirements.txt (line 27)) (0.7.5)
2021-05-11T20:24:10,584 Requirement already satisfied: pygments in /anaconda3/envs/demo_dash_env/lib/python3.9/site-packages (from ipython>=5.0.0->ipykernel>=5.1.2->pydeck>=0.1.dev5->streamlit==0.81.0->-r requirements.txt (line 27)) (2.9.0)
2021-05-11T20:24:10,602 Requirement already satisfied: prompt-toolkit!=3.0.0,!=3.0.1,<3.1.0,>=2.0.0 in /anaconda3/envs/demo_dash_env/lib/python3.9/site-packages (from ipython>=5.0.0->ipykernel>=5.1.2->pydeck>=0.1.dev5->streamlit==0.81.0->-r requirements.txt (line 27)) (3.0.18)
2021-05-11T20:24:10,603 Requirement already satisfied: jedi>=0.16 in /anaconda3/envs/demo_dash_env/lib/python3.9/site-packages (from ipython>=5.0.0->ipykernel>=5.1.2->pydeck>=0.1.dev5->streamlit==0.81.0->-r requirements.txt (line 27)) (0.18.0)
2021-05-11T20:24:10,604 Requirement already satisfied: decorator in /anaconda3/envs/demo_dash_env/lib/python3.9/site-packages (from ipython>=5.0.0->ipykernel>=5.1.2->pydeck>=0.1.dev5->streamlit==0.81.0->-r requirements.txt (line 27)) (5.0.7)
2021-05-11T20:24:10,605 Requirement already satisfied: matplotlib-inline in /anaconda3/envs/demo_dash_env/lib/python3.9/site-packages (from ipython>=5.0.0->ipykernel>=5.1.2->pydeck>=0.1.dev5->streamlit==0.81.0->-r requirements.txt (line 27)) (0.1.2)
2021-05-11T20:24:10,632 Requirement already satisfied: widgetsnbextension~=3.5.0 in /anaconda3/envs/demo_dash_env/lib/python3.9/site-packages (from ipywidgets>=7.0.0->pydeck>=0.1.dev5->streamlit==0.81.0->-r requirements.txt (line 27)) (3.5.1)
2021-05-11T20:24:10,633 Requirement already satisfied: jupyterlab-widgets>=1.0.0 in /anaconda3/envs/demo_dash_env/lib/python3.9/site-packages (from ipywidgets>=7.0.0->pydeck>=0.1.dev5->streamlit==0.81.0->-r requirements.txt (line 27)) (1.0.0)
2021-05-11T20:24:10,635 Requirement already satisfied: nbformat>=4.2.0 in /anaconda3/envs/demo_dash_env/lib/python3.9/site-packages (from ipywidgets>=7.0.0->pydeck>=0.1.dev5->streamlit==0.81.0->-r requirements.txt (line 27)) (5.1.3)
2021-05-11T20:24:10,651 Requirement already satisfied: parso<0.9.0,>=0.8.0 in /anaconda3/envs/demo_dash_env/lib/python3.9/site-packages (from jedi>=0.16->ipython>=5.0.0->ipykernel>=5.1.2->pydeck>=0.1.dev5->streamlit==0.81.0->-r requirements.txt (line 27)) (0.8.2)
2021-05-11T20:24:10,691 Requirement already satisfied: ipython-genutils in /anaconda3/envs/demo_dash_env/lib/python3.9/site-packages (from nbformat>=4.2.0->ipywidgets>=7.0.0->pydeck>=0.1.dev5->streamlit==0.81.0->-r requirements.txt (line 27)) (0.2.0)
2021-05-11T20:24:10,692 Requirement already satisfied: jupyter-core in /anaconda3/envs/demo_dash_env/lib/python3.9/site-packages (from nbformat>=4.2.0->ipywidgets>=7.0.0->pydeck>=0.1.dev5->streamlit==0.81.0->-r requirements.txt (line 27)) (4.7.1)
2021-05-11T20:24:10,722 Requirement already satisfied: pyrsistent>=0.14.0 in /anaconda3/envs/demo_dash_env/lib/python3.9/site-packages (from jsonschema->altair>=3.2.0->streamlit==0.81.0->-r requirements.txt (line 27)) (0.17.3)
2021-05-11T20:24:10,744 Requirement already satisfied: ptyprocess>=0.5 in /anaconda3/envs/demo_dash_env/lib/python3.9/site-packages (from pexpect>4.3->ipython>=5.0.0->ipykernel>=5.1.2->pydeck>=0.1.dev5->streamlit==0.81.0->-r requirements.txt (line 27)) (0.7.0)
2021-05-11T20:24:10,752 Requirement already satisfied: wcwidth in /anaconda3/envs/demo_dash_env/lib/python3.9/site-packages (from prompt-toolkit!=3.0.0,!=3.0.1,<3.1.0,>=2.0.0->ipython>=5.0.0->ipykernel>=5.1.2->pydeck>=0.1.dev5->streamlit==0.81.0->-r requirements.txt (line 27)) (0.2.5)
2021-05-11T20:24:10,808 Requirement already satisfied: pbr!=2.1.0,>=2.0.0 in /anaconda3/envs/demo_dash_env/lib/python3.9/site-packages (from stevedore>=1.20.0->bandit==1.7.0->-r requirements-dev.txt (line 2)) (5.6.0)
2021-05-11T20:24:10,844 Requirement already satisfied: notebook>=4.4.1 in /anaconda3/envs/demo_dash_env/lib/python3.9/site-packages (from widgetsnbextension~=3.5.0->ipywidgets>=7.0.0->pydeck>=0.1.dev5->streamlit==0.81.0->-r requirements.txt (line 27)) (6.3.0)
2021-05-11T20:24:10,880 Requirement already satisfied: nbconvert in /anaconda3/envs/demo_dash_env/lib/python3.9/site-packages (from notebook>=4.4.1->widgetsnbextension~=3.5.0->ipywidgets>=7.0.0->pydeck>=0.1.dev5->streamlit==0.81.0->-r requirements.txt (line 27)) (6.0.7)
2021-05-11T20:24:10,881 Requirement already satisfied: prometheus-client in /anaconda3/envs/demo_dash_env/lib/python3.9/site-packages (from notebook>=4.4.1->widgetsnbextension~=3.5.0->ipywidgets>=7.0.0->pydeck>=0.1.dev5->streamlit==0.81.0->-r requirements.txt (line 27)) (0.10.1)
2021-05-11T20:24:10,882 Requirement already satisfied: argon2-cffi in /anaconda3/envs/demo_dash_env/lib/python3.9/site-packages (from notebook>=4.4.1->widgetsnbextension~=3.5.0->ipywidgets>=7.0.0->pydeck>=0.1.dev5->streamlit==0.81.0->-r requirements.txt (line 27)) (20.1.0)
2021-05-11T20:24:10,884 Requirement already satisfied: Send2Trash>=1.5.0 in /anaconda3/envs/demo_dash_env/lib/python3.9/site-packages (from notebook>=4.4.1->widgetsnbextension~=3.5.0->ipywidgets>=7.0.0->pydeck>=0.1.dev5->streamlit==0.81.0->-r requirements.txt (line 27)) (1.5.0)
2021-05-11T20:24:10,886 Requirement already satisfied: pyzmq>=17 in /anaconda3/envs/demo_dash_env/lib/python3.9/site-packages (from notebook>=4.4.1->widgetsnbextension~=3.5.0->ipywidgets>=7.0.0->pydeck>=0.1.dev5->streamlit==0.81.0->-r requirements.txt (line 27)) (22.0.3)
2021-05-11T20:24:10,888 Requirement already satisfied: terminado>=0.8.3 in /anaconda3/envs/demo_dash_env/lib/python3.9/site-packages (from notebook>=4.4.1->widgetsnbextension~=3.5.0->ipywidgets>=7.0.0->pydeck>=0.1.dev5->streamlit==0.81.0->-r requirements.txt (line 27)) (0.9.5)
2021-05-11T20:24:11,006 Requirement already satisfied: cffi>=1.0.0 in /anaconda3/envs/demo_dash_env/lib/python3.9/site-packages (from argon2-cffi->notebook>=4.4.1->widgetsnbextension~=3.5.0->ipywidgets>=7.0.0->pydeck>=0.1.dev5->streamlit==0.81.0->-r requirements.txt (line 27)) (1.14.5)
2021-05-11T20:24:11,016 Requirement already satisfied: pycparser in /anaconda3/envs/demo_dash_env/lib/python3.9/site-packages (from cffi>=1.0.0->argon2-cffi->notebook>=4.4.1->widgetsnbextension~=3.5.0->ipywidgets>=7.0.0->pydeck>=0.1.dev5->streamlit==0.81.0->-r requirements.txt (line 27)) (2.20)
2021-05-11T20:24:11,233 Requirement already satisfied: bleach in /anaconda3/envs/demo_dash_env/lib/python3.9/site-packages (from nbconvert->notebook>=4.4.1->widgetsnbextension~=3.5.0->ipywidgets>=7.0.0->pydeck>=0.1.dev5->streamlit==0.81.0->-r requirements.txt (line 27)) (3.3.0)
2021-05-11T20:24:11,235 Requirement already satisfied: testpath in /anaconda3/envs/demo_dash_env/lib/python3.9/site-packages (from nbconvert->notebook>=4.4.1->widgetsnbextension~=3.5.0->ipywidgets>=7.0.0->pydeck>=0.1.dev5->streamlit==0.81.0->-r requirements.txt (line 27)) (0.4.4)
2021-05-11T20:24:11,236 Requirement already satisfied: mistune<2,>=0.8.1 in /anaconda3/envs/demo_dash_env/lib/python3.9/site-packages (from nbconvert->notebook>=4.4.1->widgetsnbextension~=3.5.0->ipywidgets>=7.0.0->pydeck>=0.1.dev5->streamlit==0.81.0->-r requirements.txt (line 27)) (0.8.4)
2021-05-11T20:24:11,237 Requirement already satisfied: defusedxml in /anaconda3/envs/demo_dash_env/lib/python3.9/site-packages (from nbconvert->notebook>=4.4.1->widgetsnbextension~=3.5.0->ipywidgets>=7.0.0->pydeck>=0.1.dev5->streamlit==0.81.0->-r requirements.txt (line 27)) (0.7.1)
2021-05-11T20:24:11,239 Requirement already satisfied: pandocfilters>=1.4.1 in /anaconda3/envs/demo_dash_env/lib/python3.9/site-packages (from nbconvert->notebook>=4.4.1->widgetsnbextension~=3.5.0->ipywidgets>=7.0.0->pydeck>=0.1.dev5->streamlit==0.81.0->-r requirements.txt (line 27)) (1.4.3)
2021-05-11T20:24:11,240 Requirement already satisfied: jupyterlab-pygments in /anaconda3/envs/demo_dash_env/lib/python3.9/site-packages (from nbconvert->notebook>=4.4.1->widgetsnbextension~=3.5.0->ipywidgets>=7.0.0->pydeck>=0.1.dev5->streamlit==0.81.0->-r requirements.txt (line 27)) (0.1.2)
2021-05-11T20:24:11,242 Requirement already satisfied: nbclient<0.6.0,>=0.5.0 in /anaconda3/envs/demo_dash_env/lib/python3.9/site-packages (from nbconvert->notebook>=4.4.1->widgetsnbextension~=3.5.0->ipywidgets>=7.0.0->pydeck>=0.1.dev5->streamlit==0.81.0->-r requirements.txt (line 27)) (0.5.3)
2021-05-11T20:24:11,311 Requirement already satisfied: nest-asyncio in /anaconda3/envs/demo_dash_env/lib/python3.9/site-packages (from nbclient<0.6.0,>=0.5.0->nbconvert->notebook>=4.4.1->widgetsnbextension~=3.5.0->ipywidgets>=7.0.0->pydeck>=0.1.dev5->streamlit==0.81.0->-r requirements.txt (line 27)) (1.5.1)
2021-05-11T20:24:11,313 Requirement already satisfied: async-generator in /anaconda3/envs/demo_dash_env/lib/python3.9/site-packages (from nbclient<0.6.0,>=0.5.0->nbconvert->notebook>=4.4.1->widgetsnbextension~=3.5.0->ipywidgets>=7.0.0->pydeck>=0.1.dev5->streamlit==0.81.0->-r requirements.txt (line 27)) (1.10)
2021-05-11T20:24:11,355 Requirement already satisfied: webencodings in /anaconda3/envs/demo_dash_env/lib/python3.9/site-packages (from bleach->nbconvert->notebook>=4.4.1->widgetsnbextension~=3.5.0->ipywidgets>=7.0.0->pydeck>=0.1.dev5->streamlit==0.81.0->-r requirements.txt (line 27)) (0.5.1)
2021-05-11T20:24:11,532 Created temporary directory: /private/var/folders/w4/z14px6ds5tzb4k51rd95l1s00000gn/T/pip-unpack-pfowsufm
2021-05-11T20:24:11,625 Removed build tracker: '/private/var/folders/w4/z14px6ds5tzb4k51rd95l1s00000gn/T/pip-req-tracker-ktr6gl7c'
